1104 1102111 01 0
1104 1104721 01 0
1104 1101311 01 1
1104 1101521 01 2
1104 1101521 01 3
1104 1102531 01 2
1104 1103721 01 1
1104 1103911 01 1
1104 1104221 01 1
1104 1104321 01 1
1104 1104731 01 2
1104 1104731 01 6
1104 1104745 01 1
1106 1106831 01 0
1106 1106861 01 0
1106 1105131 01 1
1106 1106121 01 1
1106 1106421 01 1
1154 1154128 01 0
1154 1151019 02 2
1154 1151019 02 3
1154 1154133 01 1
1204 1204733 01 0
1204 1202421 01 2
1204 1203521 01 2
1204 1203521 01 3
1204 1203521 01 6
1204 1203749 01 2
1204 1203761 01 2
1204 1203761 01 3
1204 1203761 01 4
1204 1203761 01 6
1206 1208431 01 0
1206 1209321 01 6
1254 1252305 01 2
1254 1254802 01 1
1256 1255202 01 1
1306 1305557 01 1
1306 1307001 01 2
1306 1307001 01 3
1306 1307001 01 6
1306 1307003 01 1
1306 1307654 01 5
2104 2101003 08 0
2104 2101003 01 6
2104 2101013 02 6
2104 2101013 03 1
2106 2105503 01 1
2204 2201001 03 6
2204 2201001 06 6
2204 2201001 07 6
2204 2201001 08 6
2204 2201011 01 6
2204 2201011 04 6
2204 2201011 05 3
2204 2201011 05 6
2204 2202011 01 2
2204 2202011 01 3
2204 2202011 01 6
2204 2202021 01 2
2204 2203030 01 6
2204 2203060 01 2
2204 2204070 01 2
2206 2205200 01 0
2206 2205041 01 6
2206 2205953 01 1
2206 2206011 01 2
2206 2206011 01 3
2206 2206011 01 6
2254 2252211 01 2
2254 2252211 01 6
2316 2315722 01 0
2316 2316727 01 0
2316 2315716 01 1
2316 2315725 01 3
2406 2405318 01 1
2456 2455305 01 0
2456 2455306 01 0
2456 2455002 01 6
2456 2455005 01 6
2456 2455006 01 6
2456 2455009 01 6
2456 2455011 01 6
3104 3103037 01 0
3104 3101038 01 1
3104 3102135 01 6
3104 3103009 01 6
3104 3103040 01 1
3104 3104011 01 2
3106 3105165 01 0
3106 3105001 01 6
3106 3105003 01 2
3106 3105003 01 6
3106 3105154 01 2
3106 3105154 01 3
3106 3105166 01 2
3106 3105166 01 3
3106 3105167 01 1
3106 3106448 01 1
3154 3154303 01 0
3154 3151009 01 2
3154 3152001 01 2
3154 3152012 01 2
3154 3152701 01 2
3154 3153001 01 6
3154 3153804 01 3
3154 3153902 01 6
3154 3154916 01 2
3156 3156305 01 0
3156 3156406 01 0
3156 3155412 01 1
3156 3155413 01 1
3156 3155704 01 1
3156 3155964 01 6
3156 3156701 01 2
3156 3156701 01 3
3204 3201013 01 0
3204 3204002 01 0
3204 3201009 01 6
3204 3204006 01 1
3206 3205003 01 0
3206 3206036 01 2
3206 3206036 01 3
3304 3301020 01 2
3304 3301020 01 3
3304 3302370 01 2
3304 3303000 01 2
3304 3303000 01 3
3304 3303300 01 2
3304 3303300 01 3
3304 3303350 01 3
3304 3304300 01 6
3304 3304330 01 2
3304 3304330 01 3
3354 3351002 01 2
3354 3351002 01 3
3354 3351011 01 2
3356 3355006 01 6
3356 3355007 01 6
3356 3356004 01 6
4104 4101012 01 6
4104 4102068 01 2
4104 4102085 01 2
4104 4102160 01 6
4104 4104038 01 6
4104 4104801 01 2
4106 4105331 01 0
4106 4105425 01 0
4106 4105570 01 0
4106 4105317 01 2
4106 4105317 01 3
4106 4105563 01 6
4106 4108205 01 6
4154 4153006 01 0
4154 4153006 02 0
4154 4153204 01 0
4154 4152004 02 2
4154 4152008 01 2
4154 4152008 01 3
4154 4152009 01 1
4154 4152009 02 1
4154 4152014 01 2
4154 4152014 02 2
4154 4152014 03 2
4154 4153004 02 2
4154 4153011 01 2
4154 4153236 01 2
4156 4155301 01 0
4156 4156001 01 0
4156 4156110 01 0
4156 4155102 01 1
4156 4155802 01 1
4156 4156012 01 1
4156 4156101 01 2
4156 4156303 01 1
4204 4202401 02 0
4204 4203101 01 0
4204 4203101 02 0
4204 4204201 01 0
4204 4201101 01 6
4204 4201101 02 2
4204 4201101 02 6
4204 4202001 02 2
4204 4202301 01 2
4204 4202401 01 2
4204 4202401 01 3
4204 4202501 02 2
4204 4203102 01 2
4204 4203102 01 3
4204 4203102 01 6
4204 4203103 01 1
4204 4203103 02 1
4204 4204001 01 6
4204 4204001 02 6
4204 4204102 01 1
4206 4205506 01 0
4206 4205102 01 1
4206 4205203 01 1
4206 4205903 01 1
4206 4206301 01 2
4206 4206502 01 2
4254 4252100 01 2
4254 4253810 01 1
4256 4255211 01 1
4256 4255926 01 1
4306 4305011 01 0
4306 4305018 01 0
4306 4305004 01 2
4306 4305012 01 1
4306 4305040 01 2
4306 4305040 01 3
4306 4305041 01 2
4306 4305041 01 3
4306 4305042 01 1
4406 4405001 01 6
5104 5102201 01 0
5104 5102360 01 0
5104 5103620 01 0
5104 5101001 05 6
5104 5101001 06 2
5104 5103160 01 2
5104 5103310 01 6
5104 5103401 01 2
5104 5103600 01 2
5104 5103600 01 3
5104 5103600 01 6
5106 5105861 01 0
5106 5105986 01 0
5106 5105201 01 2
5106 5105201 01 6
5106 5105301 01 2
5106 5105310 01 2
5106 5105803 01 6
5106 5105979 01 2
5106 5105980 01 2
5154 5152090 01 6
5154 5152100 04 3
5154 5153235 01 3
5154 5153235 01 5
5154 5154170 01 2
5154 5154170 01 3
5156 5155650 01 3
5156 5155652 01 2
5156 5155652 01 3
5156 5155652 01 6
5156 5156241 01 3
5156 5157101 01 3
5156 5158200 01 2
5156 5158560 01 1
5204 5204055 01 0
5204 5204062 01 0
5204 5203066 01 2
5204 5203066 01 3
5204 5204052 01 1
5204 5204068 01 3
5206 5205031 01 0
5206 5205038 01 0
5206 5205113 01 0
5206 5205014 01 6
5206 5205090 01 1
5206 5205111 01 1
5206 5205122 01 3
5206 5206004 01 2
5206 5206009 01 2
5206 5206013 01 2
5206 5206013 01 6
5206 5206022 01 6
5206 5206024 01 2
5254 5254202 01 0
5254 5251102 01 2
5254 5251102 02 2
5254 5251102 02 3
5254 5251102 02 6
5254 5251102 04 2
5254 5251102 04 6
5254 5252103 02 2
5254 5252103 02 3
5254 5252103 02 6
5254 5252600 01 2
5254 5252600 01 3
5254 5253102 01 2
5254 5253102 01 3
5254 5253102 01 6
5254 5253208 01 2
5254 5253208 01 3
5254 5253208 01 6
5254 5254101 01 2
5254 5254101 01 3
5254 5254101 01 6
5254 5254204 01 2
5256 5255003 01 2
5256 5255033 01 1
5256 5255065 01 2
5256 5256001 01 6
5256 5256005 01 6
5304 5302113 01 0
5304 5303113 01 0
5304 5303115 01 0
5304 5304112 01 0
5304 5301106 06 6
5304 5301106 07 6
5304 5302101 01 2
5304 5302101 01 3
5304 5302102 01 2
5304 5302105 01 6
5304 5303112 01 2
5304 5303112 01 6
5304 5303212 01 2
5304 5303212 01 6
5304 5303214 01 2
5304 5303214 01 3
5304 5304101 01 6
5304 5304111 01 6
5306 5305205 01 0
5306 5305212 01 0
5306 5306115 01 0
5306 5306201 01 0
5306 5305202 01 2
5306 5305202 01 6
5306 5306117 01 6
5306 5307107 01 2
5306 5307107 01 6
5306 5307116 01 2
5306 5307118 01 2
6054 6054017 01 2
6054 6054019 01 2
6054 6054038 01 1
6056 6055017 01 0
6056 6055047 01 0
6056 6055049 01 0
6056 6055077 01 0
6056 6055110 01 0
6056 6055113 01 0
6056 6055145 01 0
6056 6055157 01 0
6056 6055185 01 0
6056 6055205 01 0
6056 6055007 01 2
6056 6055007 01 6
6056 6055013 01 1
6056 6055148 01 1
6056 6055155 01 2
6056 6055192 01 1
6056 6055193 01 1
6056 6055225 01 2
6056 6055225 01 3
6056 6055310 01 1
6056 6055316 01 1
6056 6055317 01 1
6056 6055321 01 1
6056 6055323 01 1
6056 6055325 01 1
6056 6055331 01 1
6056 6055333 01 1
6056 6055335 01 1
6056 6055337 01 1
6056 6055341 01 1
6104 6102021 01 2
6104 6102021 01 3
6104 6102021 01 6
6104 6102025 01 2
6104 6102025 01 3
6104 6102031 01 2
6104 6102031 01 3
6104 6102034 01 6
6104 6102055 01 3
6104 6102081 01 3
6104 6103027 01 3
6104 6103031 01 2
6104 6103031 01 3
6104 6103053 01 2
6104 6103055 01 2
6104 6103055 01 3
6104 6103055 01 6
6104 6103061 01 3
6104 6103071 01 3
6154 6152047 01 0
6154 6151021 01 6
6154 6152021 01 2
6154 6152021 01 3
6154 6152021 01 6
6154 6152031 01 2
6154 6152031 01 3
6154 6153022 01 2
6154 6153022 01 3
6154 6153023 01 3
6154 6153024 01 3
6154 6153031 01 2
6154 6153031 01 3
6204 6201007 01 3
6204 6201031 01 2
6204 6201031 01 3
6204 6202031 01 3
6204 6202043 01 3
6204 6203021 01 3
6204 6203025 01 6
6204 6203031 01 2
6204 6203031 01 3
6204 6203042 01 1
6204 6203044 01 1
6204 6203045 01 1
6204 6203061 01 2
6204 6203061 01 3
6306 6306110 01 0
6306 6306304 01 0
6306 6306107 01 2
6306 6306402 01 1
3546 3545130 01 0
3546 3545160 03 0
3546 3545815 01 0
3546 3545830 01 0
3546 3545005 01 2
3546 3545005 01 3
3546 3545005 01 6
3546 3545015 01 2
3546 3545015 01 6
3546 3545015 02 1
3546 3545030 01 2
3546 3545035 01 1
3546 3545155 01 1
3546 3545160 02 2
3546 3545210 01 6
3546 3545235 01 1
3546 3545280 01 1
3546 3545500 01 1
3546 3545510 01 3
3546 3545510 01 6
3546 3545520 01 3
3546 3545820 01 1
3546 3545835 01 1
3546 3545840 01 1
3546 3545845 01 1
7104 3401001 01 3
7104 3401003 01 2
7104 3401003 01 3
7104 3401005 01 3
7104 3401006 01 2
7104 3401006 01 3
7104 3401006 01 6
7104 3401104 01 2
7104 3401104 01 3
7104 3401106 01 3
7104 3402001 01 2
7104 3402102 01 2
7104 3402103 01 1
7106 3408111 01 0
7106 3405179 01 2
7106 3405179 01 3
7106 3405241 01 2
7106 3405241 01 3
7106 3405253 01 3
7106 3405261 01 2
7106 3405261 01 3
7106 3405402 01 3
7106 3406200 01 1
7106 3407001 01 2
7106 3407001 01 6
7106 3407131 01 2
7106 3407181 01 2
7106 3408001 01 1
7106 3408141 01 2
7156 3505156 01 0
7156 3505091 01 3
7156 3505103 01 2
7156 3505103 01 3
7156 3505105 01 1
7156 3505128 01 2
7156 3505128 01 3
7156 3505169 01 2
7156 3505173 01 1
7156 3507007 01 6
7156 3507057 01 1
7156 3507079 01 1
7254 3451001 01 2
7254 3451001 01 6
7254 3451002 01 2
7254 3451002 01 6
7256 3455034 01 0
7256 3455058 01 0
7256 3455002 01 6
7256 3455004 01 1
7256 3455052 01 2
7256 3455052 01 3
7256 3455061 01 1
7256 3455062 01 1
7256 3455063 01 1
7256 3457001 01 2
7256 3457001 01 6
7256 3457002 01 6
7256 3457007 01 1
7006 7101029 01 0
7006 7101031 01 0
7006 7101032 01 0
7006 7101032 02 0
7006 7302001 01 0
7006 7101036 03 1
7006 7101037 03 1
7006 7101042 01 3
7006 7101042 02 2
7006 7101042 02 3
7006 7101047 01 1
7006 7101048 01 1
7006 7101048 02 1
7006 7102001 03 2
7006 7102001 03 3
7006 7102001 04 3
7006 7102001 05 3
7006 7102001 12 3
7006 7102001 13 2
7006 7102001 13 3
7006 7102001 13 6
7006 7102002 09 2
7006 7102002 09 3
7006 7102002 09 6
7006 7204001 01 3
7006 7302016 01 3
7006 7303006 01 3
7006 7304002 01 2
7006 7304007 01 1
7006 7304007 02 1
7006 7304008 01 1
7006 7305002 01 1
7006 7402002 01 3
7006 7402005 01 3
7006 7402008 01 1
7006 7403002 02 3
7006 7403002 03 1
7006 7403004 01 3
7006 7404001 02 1
7006 7406003 01 6
7006 7406003 02 6
7006 7503007 01 1
7006 7504005 01 1
7006 7505001 01 1
7006 7505001 02 1
I000 9022021 03 0
I000 9032018 01 0
I000 9032018 02 0
I000 9032018 03 0
I000 9032018 04 0
I000 9021001 13 6
I000 9021001 27 6
I000 9022093 02 1
I000 9023111 02 1
I000 9023111 03 1
I000 9032020 01 1
I000 9032020 02 1
I000 9032020 03 1
I000 9032020 04 1
