3304 3304361 01 2
3304 3304361 01 2
5204 5201007 01 3
5204 5202005 01 3
4154 4153211 01 6
4154 4153230 01 3
5206 5206004 01 2
5204 5201007 01 3
5204 5202005 01 3
5206 5206004 01 2
4304 4303013 01 6
4156 4155312 01 2
4156 4155513 01 2
4156 4156108 01 3
F000 9021002 03 6
4306 4305063 01 3
4306 4305105 01 2
4306 4305128 01 2
2456 2455013 01 6
2456 2455331 01 2
2456 2455409 01 2
3416 3415120 01 2
3416 3415120 01 3
4156 4155312 01 2
4156 4155513 01 2
4156 4156108 01 3
F000 9021002 03 6
F000 9021002 03 6
3106 3105218 01 2
3106 3105218 01 3
4154 4153211 01 6
4154 4153230 01 3
2504 2501004 01 3
2504 2502101 01 2
2504 2502101 01 3
2504 2504102 01 6
2504 2504107 01 6
F000 9021002 03 6
F000 9021002 09 6
F000 9021002 10 6
F000 9021002 17 3
F000 9021002 18 6
F000 9021002 24 6
F000 9021002 28 6
F000 9021002 32 6
F000 9022020 01 6
F000 9022020 02 6
F000 9022020 03 6
F000 9022032 03 6
F000 9022032 05 6
F000 9022062 01 6
F000 9022062 02 6
F000 9022100 01 6
4306 4305063 01 3
4306 4305105 01 2
4306 4305128 01 2
F000 9021002 03 6
F000 9021002 09 6
F000 9021002 10 6
F000 9021002 17 3
F000 9021002 18 6
F000 9021002 24 6
F000 9021002 28 6
F000 9021002 32 6
F000 9022020 01 6
F000 9022020 02 6
F000 9022020 03 6
F000 9022032 03 6
F000 9022032 05 6
F000 9022062 01 6
F000 9022062 02 6
F000 9022100 01 6
3106 3105218 01 2
3106 3105218 01 3
4256 4256022 01 2
1104 1103312 01 2
1104 1103702 01 2
1104 1103702 01 6
4254 4253860 01 2
4254 4253860 01 2
4254 4254500 01 2
7254 3453039 01 2
7254 3453039 01 2
4254 4253860 01 2
4254 4254500 01 2
6104 6102069 01 2
6104 6102069 01 3
7256 3455083 01 2
7256 3455083 01 2
7254 3453039 01 2
1306 1306556 01 6
4104 4102160 01 2
4104 4102160 01 3
4104 4104005 01 3
4104 4104005 01 6
4104 4102160 01 2
4104 4102160 01 3
4104 4102160 02 6
4104 4104005 01 3
4104 4104005 01 6
4104 4102160 01 2
4104 4102160 01 3
4104 4102160 02 6
4104 4104005 01 3
4104 4104005 01 6
3104 3101022 01 2
3104 3101024 01 2
3104 3101044 01 3
3104 3102053 01 6
3104 3103018 01 2
3104 3103018 01 4
3104 3103071 01 2
3104 3103071 01 3
3104 3104034 01 6
4106 4105140 01 2
4106 4105205 01 3
3354 3351014 01 3
3354 3352004 01 6
3354 3352005 02 3
3354 3352013 01 2
3354 3353009 01 2
3354 3353012 01 6
3354 3354008 01 2
3354 3354009 01 6
6056 6055079 01 2
4106 4105140 01 2
4106 4105205 01 3
4306 4305063 01 3
4306 4305105 01 2
4306 4305128 01 2
4306 4305063 01 3
4306 4305105 01 2
4306 4305128 01 2
7254 3453015 01 6
7254 3453031 01 6
7254 3453039 01 2
7254 3453041 01 6
7256 3455083 01 2
7256 3456010 01 6
2104 2101004 02 6
2104 2101004 02 6
2104 2101004 02 6
2104 2101013 01 6
2104 2101004 02 6
2104 2101013 01 6
4306 4305063 01 3
4306 4305105 01 2
4306 4305128 01 2
2104 2101004 02 6
2104 2101013 01 6
2104 2103711 01 6
2106 2106554 01 2
2316 2315723 01 6
2316 2315726 01 2
2316 2315726 01 3
2316 2315723 01 6
2316 2315726 01 2
2316 2315726 01 3
2104 2101004 02 6
2104 2101013 01 6
2104 2103711 01 6
2104 2101004 02 6
2104 2101013 01 6
2104 2103711 01 6
4204 4201051 01 2
4204 4201051 01 3
4204 4201051 01 6
4254 4253001 01 6
4254 4253860 01 2
4254 4254500 01 2
4254 4253001 01 6
4254 4253860 01 2
4254 4254500 01 2
5254 5254104 01 2
7506 3925135 01 2
5266 5268123 01 6
7104 3402003 01 6
7106 3405258 01 2
6104 6102069 01 2
6104 6102069 01 3
7506 3925135 01 2
6056 6055079 01 2
7106 3405258 01 2
5266 5265028 01 3
5266 5265035 01 2
5266 5265035 01 3
5266 5268123 01 6
5254 5254104 01 2
5266 5265028 01 3
5266 5265035 01 2
5266 5265035 01 3
5266 5268123 01 6
4106 4105021 01 3
4106 4105140 01 2
4106 4105140 01 3
4106 4105205 01 3
4104 4102160 01 2
4104 4102160 01 3
4104 4102160 02 6
4104 4104005 01 3
4104 4104005 01 6
4104 4102160 01 2
4104 4102160 01 3
4104 4102160 02 6
4104 4104005 01 3
4104 4104005 01 6
5304 5301213 01 3
5304 5302202 01 2
5304 5303202 01 6
5304 5303213 01 2
5304 5303219 01 2
5304 5303223 01 6
5304 5304203 01 6
5304 5301213 01 3
5304 5302202 01 2
5304 5303202 01 6
5304 5303213 01 2
5304 5303219 01 2
5304 5303223 01 6
5304 5304203 01 6
4104 4102160 01 2
4104 4102160 01 3
4104 4102160 02 6
4104 4104005 01 3
4104 4104005 01 6
5306 5305218 01 2
5306 5305218 01 3
5306 5307120 01 2
5306 5307134 01 2
5556 5555010 01 2
5556 5555010 01 3
5556 5555039 01 2
5306 5305218 01 2
5306 5305218 01 3
5306 5307120 01 2
5306 5307134 01 2
3154 3153753 01 2
4104 4102160 01 2
4104 4102160 01 3
4104 4102160 02 6
4104 4104005 01 3
4104 4104005 01 6
4104 4102160 01 2
4104 4102160 01 3
4104 4102160 02 6
4104 4104005 01 3
4104 4104005 01 6
4306 4305063 01 3
4306 4305105 01 2
4306 4305128 01 2
4306 4305128 01 3
4306 4305063 01 3
4306 4305105 01 2
4306 4305128 01 2
4306 4305128 01 3
5106 5105202 01 2
5106 5105510 01 2
5106 5105202 01 2
5106 5105510 01 2
5104 5102240 01 2
5104 5102240 01 3
7106 3405258 01 2
7106 3405282 01 2
7106 3405258 01 2
7106 3405282 01 2
5104 5102240 01 2
5104 5102240 01 3
5106 5105202 01 2
5106 5105510 01 2
4104 4102160 01 2
4104 4102160 01 3
4104 4102160 02 6
4104 4104005 01 3
4104 4104005 01 6
6306 6306125 01 2
6306 6306508 01 2
6306 6306508 01 3
6306 6305069 01 2
6306 6306125 01 2
6306 6306508 01 2
6306 6306508 01 3
6306 6305069 01 2
6306 6306125 01 2
6306 6306508 01 2
6306 6306508 01 3
5154 5152200 01 3
6056 6055079 01 2
6056 6055079 01 2
6056 6055079 01 2
1206 1208213 01 2
1206 1208213 01 2
5156 5155231 01 2
5156 5155231 01 2
5156 5156220 01 3
4104 4102160 01 2
4104 4102160 01 3
4104 4102160 02 6
4104 4104005 01 3
4104 4104005 01 6
5304 5301213 01 3
5304 5302202 01 2
5304 5303202 01 6
5304 5303213 01 2
5304 5303219 01 2
5304 5303223 01 6
5304 5304203 01 6
4104 4102160 01 2
4104 4102160 01 3
4104 4102160 02 6
4104 4104005 01 3
4104 4104005 01 6
4106 4105021 01 3
4106 4105140 01 2
4106 4105140 01 3
4106 4105205 01 3
4104 4102160 01 2
4104 4102160 01 3
4104 4102160 02 6
4104 4104005 01 3
4104 4104005 01 6
3354 3351014 01 3
3354 3352004 01 6
3354 3352005 02 3
3354 3352013 01 2
3354 3353009 01 2
3354 3353012 01 6
3354 3354008 01 2
3354 3354009 01 6
4106 4105021 01 3
4106 4105140 01 2
4106 4105140 01 3
4106 4105205 01 3
4254 4253001 01 6
4254 4253860 01 2
4254 4254500 01 2
4106 4105021 01 3
4106 4105140 01 2
4106 4105140 01 3
4106 4105205 01 3
4106 4105336 01 2
4106 4105336 01 3
4106 4105021 01 3
4106 4105140 01 2
4106 4105140 01 3
4106 4105205 01 3
4106 4105336 01 2
4106 4105336 01 3
4104 4102160 01 2
4104 4102160 01 3
4104 4102160 02 6
4104 4104005 01 3
4104 4104005 01 6
4104 4102160 01 2
4104 4102160 01 3
4104 4102160 02 6
4104 4104005 01 3
4104 4104005 01 6
2204 2203090 01 6
2204 2204091 01 6
2204 2204092 01 6
2156 2155092 01 2
2156 2155092 01 3
2156 2155092 01 6
2156 2155094 01 2
2156 2155094 01 3
2156 2155094 01 6
2156 2158001 01 6
2156 2158003 01 2
2156 2158003 01 3
2156 2158003 01 6
2354 2353011 01 2
2356 2355025 01 2
2156 2155033 01 2
2156 2155092 01 2
2156 2155092 01 3
2156 2155092 01 6
2156 2155094 01 2
2156 2155094 01 3
2156 2155094 01 6
2156 2158001 01 6
2156 2158003 01 2
2156 2158003 01 3
2156 2158003 01 6
Z121 1901074 01 2
Z121 1901074 01 6
Z121 1901074 01 2
Z121 1901074 01 6
1406 1405130 01 3
1406 1405130 01 6
1406 1405140 01 5
1406 1405140 01 6
4306 4305063 01 3
4306 4305105 01 2
4306 4305128 01 2
4306 4305128 01 3
4204 4201051 01 2
4204 4201051 01 3
4204 4201051 01 6
7256 3455083 01 2
7256 3456010 01 6
1254 1252608 01 2
1254 1252707 01 2
1254 1252707 01 3
1254 1253409 01 2
1254 1253511 01 2
1254 1253604 01 2
1254 1254705 01 2
4306 4305063 01 3
4306 4305105 01 2
4306 4305128 01 2
4306 4305128 01 3
1256 1255201 01 2
1256 1257131 01 2
1256 1257324 01 2
1406 1405130 01 3
1406 1405130 01 6
1406 1405140 01 5
1406 1405140 01 6
1406 1405130 01 3
1406 1405130 01 6
1406 1405140 01 5
1406 1405140 01 6
1406 1405130 01 3
1406 1405130 01 6
1406 1405140 01 5
1406 1405140 01 6
3204 3201012 01 2
3204 3202033 01 2
3204 3202033 01 3
3204 3203047 01 2
3204 3204005 01 2
3204 3204005 01 3
3204 3204018 01 2
3204 3204018 01 3
4204 4201051 01 2
4204 4201051 01 3
4204 4201051 01 6
4156 4155312 01 2
4156 4155513 01 2
4156 4155513 01 3
4156 4155514 01 2
4156 4155514 01 3
4156 4155516 01 2
4156 4155516 01 3
4156 4156016 01 2
4156 4156108 01 3
Z121 1901074 01 2
Z121 1901074 01 6
4154 4153211 01 6
4154 4153230 01 3
4306 4305063 01 3
4306 4305105 01 2
4306 4305128 01 2
4306 4305128 01 3
4154 4153211 01 6
4154 4153230 01 3
4306 4305063 01 3
4306 4305105 01 2
4306 4305128 01 2
4306 4305128 01 3
4154 4153211 01 6
4154 4153230 01 3
Z121 1901074 01 2
Z121 1901074 01 6
Z121 1901074 01 2
Z121 1901074 01 6
7306 3545865 01 2
7306 3545865 01 3
F000 9021002 03 6
F000 9021002 09 6
F000 9021002 10 6
F000 9021002 17 3
F000 9021002 18 6
F000 9021002 24 6
F000 9021002 28 6
F000 9021002 32 6
F000 9022020 01 6
F000 9022020 02 6
F000 9022020 03 6
F000 9022032 03 6
F000 9022032 05 6
F000 9022062 01 6
F000 9022062 02 6
F000 9022100 01 6
7006 7102001 01 2
7006 7102001 01 6
7006 7102001 04 3
7006 7102001 06 2
7006 7102001 07 2
7006 7102001 10 2
7006 7102002 01 3
7006 7102002 02 2
7006 7102002 02 3
7006 7102002 03 2
7006 7102002 03 6
7006 7102008 01 3
7006 7303014 01 3
7006 7303014 01 6
7006 7304014 01 6
7006 7304020 01 6
7006 7304021 01 6
7006 7306012 01 6
7006 7401003 01 2
7006 7401003 01 6
7006 7401009 01 6
7006 7402012 01 2
7006 7402012 01 3
7006 7403001 01 6
7006 7404004 01 2
7006 7404004 01 3
7006 7406005 01 6
7006 7406009 01 6
7006 7406011 03 6
7006 7406011 04 6
7006 7406019 01 2
7006 7406019 01 3
7006 7406020 01 6
7006 7406020 02 6
7006 7407013 01 6
7006 7407013 02 6
7006 7407014 01 6
7006 7503012 01 2
7006 7503012 01 3
7006 7504014 01 6
7006 7506001 01 2
7306 3545865 01 2
7306 3545865 01 3
7306 3545940 01 2
7306 3545940 01 3
7306 3546155 01 2
7306 3546155 01 3
7006 7102001 01 2
7006 7102001 01 6
7006 7102001 04 3
7006 7102001 06 2
7006 7102001 07 2
7006 7102001 10 2
7006 7102001 10 3
7006 7102002 01 3
7006 7102002 02 2
7006 7102002 02 3
7006 7102002 03 2
7006 7102002 03 6
7006 7102008 01 3
7006 7303014 01 3
7006 7303014 01 6
7006 7304014 01 6
7006 7304020 01 6
7006 7304021 01 6
7006 7306012 01 6
7006 7401003 01 2
7006 7401003 01 6
7006 7401009 01 6
7006 7402012 01 2
7006 7402012 01 3
7006 7403001 01 6
7006 7404004 01 2
7006 7404004 01 3
7006 7406005 01 6
7006 7406009 01 6
7006 7406011 03 6
7006 7406011 04 6
7006 7406019 01 2
7006 7406019 01 3
7006 7406020 01 6
7006 7406020 02 6
7006 7407013 01 6
7006 7407013 02 6
7006 7407014 01 6
7006 7503012 01 2
7006 7503012 01 3
7006 7504014 01 6
7006 7506001 01 2
2206 2205944 01 3
7156 3507096 01 3
5306 5305218 01 2
5306 5305218 01 3
5306 5306116 01 2
5306 5306201 01 2
5306 5307120 01 2
5306 5307134 01 2
5304 5301213 01 3
5304 5302202 01 2
5304 5303110 01 3
5304 5303202 01 6
5304 5303213 01 2
5304 5303219 01 2
5304 5303223 01 6
5304 5304203 01 6
5556 5555010 01 2
5556 5555010 01 3
5556 5555017 01 2
5556 5555039 01 2
5556 5555046 01 2
3204 3201012 01 2
3204 3202033 01 2
3204 3202033 01 3
3204 3203047 01 2
3204 3204005 01 2
3204 3204005 01 3
3204 3204018 01 2
3204 3204018 01 3
7306 3545865 01 2
7306 3545865 01 3
7306 3545940 01 2
7306 3545940 01 3
7306 3546155 01 2
7306 3546155 01 3
7156 3507096 01 3
7156 3507096 01 3
7306 3545865 01 2
7306 3545865 01 3
7306 3545940 01 2
7306 3545940 01 3
7306 3546155 01 2
7306 3546155 01 3
7356 3905049 01 2
3206 3205052 01 2
3206 3206068 01 2
3206 3206072 01 2
7156 3505198 01 2
7156 3507096 01 3
2354 2352016 01 2
2354 2353011 01 2
2356 2355025 01 2
2356 2355050 01 2
2356 2355050 01 3
2206 2205220 01 3
7006 7102001 01 2
7006 7102001 01 6
7006 7102001 04 3
7006 7102001 06 2
7006 7102001 07 2
7006 7102001 10 2
7006 7102001 10 3
7006 7102002 01 3
7006 7102002 02 2
7006 7102002 02 3
7006 7102002 03 2
7006 7102002 03 6
7006 7102008 01 3
7006 7303014 01 3
7006 7303014 01 6
7006 7304014 01 6
7006 7304020 01 6
7006 7304021 01 6
7006 7306012 01 6
7006 7401003 01 2
7006 7401003 01 6
7006 7401009 01 6
7006 7402012 01 2
7006 7402012 01 3
7006 7403001 01 6
7006 7404004 01 2
7006 7404004 01 3
7006 7406005 01 6
7006 7406009 01 6
7006 7406011 03 6
7006 7406011 04 6
7006 7406019 02 2
7006 7406019 02 3
7006 7406020 01 6
7006 7406020 02 6
7006 7407013 01 6
7006 7407013 02 6
7006 7407014 01 6
7006 7503012 01 2
7006 7503012 01 3
7006 7504014 01 6
7006 7506001 01 2
2204 2201002 01 6
2204 2201002 02 6
2204 2201002 05 6
2204 2201002 06 6
2204 2203090 01 6
2204 2204091 01 6
2204 2204092 01 6
2204 2201002 01 6
2204 2201002 02 6
2204 2201002 05 6
2204 2201002 06 6
2204 2201002 07 6
2204 2201002 08 6
2204 2203090 01 6
2204 2204091 01 6
2204 2204092 01 6
2356 2355004 01 2
2356 2355004 01 3
2356 2355025 01 2
2356 2355050 01 2
2356 2355050 01 3
2156 2155014 01 2
2156 2155014 01 3
2156 2155033 01 2
2156 2155092 01 2
2156 2155092 01 3
2156 2155092 01 6
2156 2155094 01 2
2156 2155094 01 3
2156 2155094 01 6
2156 2158001 01 6
2156 2158003 01 2
2156 2158003 01 3
2156 2158003 01 6
2156 2155033 01 2
2156 2155092 01 2
2156 2155092 01 3
2156 2155092 01 6
2156 2155094 01 2
2156 2155094 01 3
2156 2155094 01 6
2156 2158001 01 6
2156 2158003 01 2
2156 2158003 01 3
2156 2158003 01 6
1406 1405130 01 3
1406 1405130 01 6
1406 1405140 01 5
1406 1405140 01 6
1406 1406132 01 6
7006 7102001 01 2
7006 7102001 01 6
7006 7102001 04 3
7006 7102001 06 2
7006 7102001 07 2
7006 7102001 10 2
7006 7102001 10 3
7006 7102002 01 3
7006 7102002 02 2
7006 7102002 02 3
7006 7102002 03 2
7006 7102002 03 6
7006 7102008 01 3
7006 7303014 01 3
7006 7303014 01 6
7006 7304014 01 6
7006 7304020 01 6
7006 7304021 01 6
7006 7306012 01 6
7006 7401003 01 2
7006 7401003 01 6
7006 7401009 01 6
7006 7402012 01 2
7006 7402012 01 3
7006 7403001 01 6
7006 7404004 01 2
7006 7404004 01 3
7006 7406005 01 6
7006 7406009 01 6
7006 7406011 03 6
7006 7406011 04 6
7006 7406019 02 2
7006 7406019 02 3
7006 7406020 01 6
7006 7406020 02 6
7006 7407013 01 6
7006 7407013 02 6
7006 7407014 01 6
7006 7503012 01 2
7006 7503012 01 3
7006 7504014 01 6
7006 7506001 01 2
7006 7102001 01 2
7006 7102001 01 6
7006 7102001 04 3
7006 7102001 06 2
7006 7102001 07 2
7006 7102001 10 2
7006 7102001 10 3
7006 7102002 01 3
7006 7102002 02 2
7006 7102002 02 3
7006 7102002 03 2
7006 7102002 03 6
7006 7102008 01 3
7006 7303014 01 3
7006 7303014 01 6
7006 7304014 01 6
7006 7304020 01 6
7006 7304021 01 6
7006 7306012 01 6
7006 7401003 01 2
7006 7401003 01 6
7006 7401009 01 6
7006 7402012 01 2
7006 7402012 01 3
7006 7403001 01 6
7006 7404004 01 2
7006 7404004 01 3
7006 7406005 01 6
7006 7406009 01 6
7006 7406011 03 6
7006 7406011 04 6
7006 7406019 02 2
7006 7406019 02 3
7006 7406020 01 6
7006 7406020 02 6
7006 7407013 01 6
7006 7407013 02 6
7006 7407014 01 6
7006 7503012 01 2
7006 7503012 01 3
7006 7504014 01 6
7006 7506001 01 2
3154 3153753 01 2
3154 3153753 01 2
1154 1151020 01 3
1154 1152032 01 6
1154 1152064 02 6
1154 1154196 01 3
1156 1155004 01 2
1156 1155004 01 6
1154 1151020 01 3
1154 1152032 01 6
1154 1152064 02 6
1154 1154196 01 3
1356 1355022 01 2
1356 1355022 01 3
1356 1355140 01 3
1356 1355141 01 3
3656 3655102 01 2
3656 3655102 01 3
3656 3655406 01 2
7006 7102001 01 2
7006 7102001 01 6
7006 7102001 04 3
7006 7102001 06 2
7006 7102001 07 2
7006 7102001 10 2
7006 7102001 10 3
7006 7102002 01 3
7006 7102002 02 2
7006 7102002 02 3
7006 7102002 03 2
7006 7102002 03 6
7006 7102008 01 3
7006 7303014 01 3
7006 7303014 01 6
7006 7304014 01 6
7006 7304020 01 6
7006 7304021 01 6
7006 7306012 01 6
7006 7401003 01 2
7006 7401003 01 6
7006 7401009 01 6
7006 7402012 01 2
7006 7402012 01 3
7006 7403001 01 6
7006 7404004 01 2
7006 7404004 01 3
7006 7406005 01 6
7006 7406009 01 6
7006 7406011 03 6
7006 7406011 04 6
7006 7406019 02 2
7006 7406019 02 3
7006 7406020 01 3
7006 7406020 01 6
7006 7406020 02 2
7006 7406020 02 3
7006 7406020 02 6
7006 7407013 01 6
7006 7407013 02 6
7006 7407014 01 6
7006 7503012 01 2
7006 7503012 01 3
7006 7504014 01 6
7006 7506001 01 2
3104 3101022 01 2
3104 3101024 01 2
3104 3101044 01 3
3104 3102053 01 6
3104 3103018 01 2
3104 3103018 01 4
3104 3103071 01 2
3104 3103071 01 3
3104 3104034 01 6
6056 6055079 01 2
6056 6055079 01 3
6056 6055501 01 2
5106 5105202 01 2
5106 5105510 01 2
5106 5105510 01 3
1204 1203852 01 2
1206 1208213 01 2
3306 3305420 01 6
3304 3302060 01 6
3304 3304350 01 6
3304 3304361 01 2
1204 1203852 01 2
3306 3305420 01 6
1204 1203852 01 2
1204 1203852 01 2
3304 3302060 01 6
3304 3304350 01 6
3304 3304361 01 2
3306 3305420 01 6
3416 3415120 01 2
3416 3415120 01 3
1406 1405143 01 2
1406 1406113 01 6
1406 1406141 01 2
1406 1406141 01 6
5204 5201001 01 2
4104 4100003 02 6
4104 4100007 01 2
4104 4100007 01 3
4104 4100007 01 6
4104 4101005 01 6
4104 4101009 01 6
4104 4101009 02 6
4104 4101009 03 6
4104 4101009 04 6
4104 4100003 02 6
4104 4100007 01 2
4104 4100007 01 3
4104 4100007 01 6
4104 4101005 01 6
4104 4101009 01 6
4104 4101009 02 6
4104 4101009 03 6
4104 4101009 04 6
4104 4101155 01 6
4104 4103022 01 2
4104 4103066 01 3
4104 4100003 02 6
4104 4100007 01 2
4104 4100007 01 3
4104 4100007 01 6
4104 4101005 01 6
4104 4101009 01 6
4104 4101009 02 6
4104 4101009 03 6
4104 4101009 04 6
4104 4101155 01 6
4104 4101155 02 2
4104 4101155 02 3
4104 4103022 01 2
4104 4103066 01 3
2104 2101011 01 2
2104 2101011 01 3
2104 2101011 01 6
2104 2101011 01 2
2104 2101011 01 3
2104 2101011 01 6
4104 4100003 02 6
4104 4100007 01 2
4104 4100007 01 3
4104 4100007 01 6
4104 4101005 01 6
4104 4101009 01 6
4104 4101009 02 6
4104 4101009 03 6
4104 4101009 04 6
4104 4101155 01 6
4104 4101155 02 2
4104 4101155 02 3
4104 4103020 01 6
4104 4103022 01 2
4104 4103066 01 3
4104 4100003 02 6
4104 4100007 01 2
4104 4100007 01 3
4104 4100007 01 6
4104 4101005 01 6
4104 4101009 01 6
4104 4101009 02 6
4104 4101009 03 6
4104 4101009 04 6
4104 4101155 01 6
4104 4101155 02 2
4104 4101155 02 3
4104 4103020 01 3
4104 4103020 01 6
4104 4103020 02 3
4104 4103022 01 2
4104 4103066 01 3
4104 4100003 02 6
4104 4100007 01 2
4104 4100007 01 3
4104 4100007 01 6
4104 4101005 01 6
4104 4101009 01 6
4104 4101009 02 6
4104 4101009 03 6
4104 4101009 04 6
4104 4101155 01 6
4104 4101155 02 2
4104 4101155 02 3
4104 4103020 01 3
4104 4103020 01 6
4104 4103020 02 3
4104 4103022 01 2
4104 4103066 01 3
4104 4103068 01 3
4104 4103068 01 6
4104 4103068 02 3
2106 2105201 01 2
2106 2105201 01 6
5204 5201001 01 2
2406 2406303 01 2
2406 2406303 01 3
2406 2406303 01 2
2406 2406303 01 3
3354 3351015 01 2
3354 3351015 01 6
3354 3353003 01 2
3354 3354005 01 2
3356 3356010 01 6
7406 3917008 01 2
3354 3351015 01 2
3354 3351015 01 6
3354 3353003 01 2
3354 3354005 01 2
3354 3354005 01 6
7406 3917008 01 2
5304 5301106 01 6
5304 5301106 05 6
5304 5301106 06 6
5304 5302102 01 6
5304 5302105 01 6
5304 5302212 01 6
4104 4100003 02 6
4104 4100007 01 2
4104 4100007 01 3
4104 4100007 01 6
4104 4101005 01 6
4104 4101009 01 6
4104 4101009 02 6
4104 4101009 03 6
4104 4101009 04 6
4104 4101155 01 6
4104 4101155 02 2
4104 4101155 02 3
4104 4103020 01 3
4104 4103020 01 6
4104 4103020 02 3
4104 4103022 01 2
4104 4103066 01 3
4104 4103068 01 3
4104 4103068 01 6
4104 4103068 02 3
3356 3355007 01 2
3356 3356010 01 6
5306 5307125 01 2
5306 5307125 01 3
5556 5555025 01 2
5556 5555025 01 3
4104 4100003 02 6
4104 4100007 01 2
4104 4100007 01 3
4104 4100007 01 6
4104 4101005 01 6
4104 4101009 01 6
4104 4101009 02 6
4104 4101009 03 6
4104 4101009 04 6
4104 4101155 01 6
4104 4101155 02 2
4104 4101155 02 3
4104 4103020 01 3
4104 4103020 01 6
4104 4103020 02 3
4104 4103022 01 2
4104 4103066 01 3
4104 4103068 01 3
4104 4103068 01 6
4104 4103068 02 3
6204 6204001 01 2
6204 6204001 01 3
4106 4105812 01 2
4106 4105931 01 2
7256 3455084 01 2
7256 3457002 01 6
4106 4105812 01 2
4106 4105931 01 2
4256 4255062 01 2
4256 4255062 01 4
4256 4255062 01 6
4256 4256011 01 6
4256 4256012 01 6
4256 4256031 01 6
4256 4256032 01 6
4256 4256051 01 6
4256 4256052 01 6
4256 4256082 01 6
4256 4255062 01 2
4256 4255062 01 4
4256 4255062 01 6
4256 4255211 01 2
4256 4255740 01 2
4256 4256011 01 6
4256 4256012 01 6
4256 4256031 01 6
4256 4256032 01 6
4256 4256051 01 6
4256 4256052 01 6
4256 4256082 01 6
5266 5265042 01 6
5266 5266008 01 6
5266 5268113 01 6
5254 5254212 01 2
5254 5254212 01 3
5266 5265042 01 6
5266 5265063 01 2
5266 5265063 01 3
5266 5266008 01 6
5266 5268113 01 6
5264 5261104 01 2
5264 5261104 05 2
5264 5261104 05 6
5264 5261104 07 3
5264 5262504 01 2
5264 5262504 01 3
5264 5263100 01 6
5264 5263102 01 6
6204 6204001 01 2
6204 6204001 01 3
5204 5201001 01 2
5204 5202011 01 3
2606 2605215 01 2
2606 2605215 01 2
2606 2605305 01 2
2606 2605315 01 2
2606 2605215 01 2
2606 2605305 01 2
2606 2605315 01 2
1406 1405143 01 2
1406 1406113 01 6
1406 1406141 01 2
1406 1406141 01 6
1406 1405143 01 2
1406 1406113 01 6
7406 3917008 01 2
7254 3452028 01 2
7254 3452028 01 6
7254 3453009 01 6
7254 3453037 01 2
7254 3453047 01 2
7254 3454002 01 2
7254 3454002 01 6
7254 3454006 01 2
7254 3454006 01 3
7254 3454007 01 3
7254 3454011 01 2
7254 3454011 01 3
6056 6055007 01 2
6056 6055175 01 2
6056 6055175 01 3
6056 6055402 01 6
6056 6055531 01 2
6056 6055531 01 3
1356 1355001 01 6
6204 6202017 01 6
6204 6204001 01 2
6204 6204001 01 3
7254 3452028 01 2
7254 3452028 01 6
7254 3453009 01 6
7254 3453037 01 2
7254 3454002 01 2
7254 3454002 01 6
7254 3454006 01 2
7254 3454006 01 3
7254 3454011 01 2
7254 3454011 01 3
1156 1156021 01 5
1154 1151017 02 6
1154 1151021 01 6
1154 1151027 01 6
1154 1152031 01 2
1154 1152063 01 6
1154 1152071 01 6
1154 1154198 01 2
1154 1154199 01 2
1104 1101830 01 2
1104 1101830 01 3
1104 1103251 01 2
1106 1105873 01 3
1106 1105943 01 3
1106 1106760 01 2
1106 1106943 01 2
1104 1101830 01 2
1104 1101830 01 3
1104 1103251 01 2
5266 5265042 01 6
5266 5265063 01 2
5266 5265063 01 3
5266 5266007 01 6
5266 5266008 01 6
5266 5268113 01 6
5254 5254212 01 2
5254 5254212 01 3
5264 5261104 01 2
5264 5261104 05 2
5264 5261104 05 6
5264 5261104 07 3
5264 5262504 01 2
5264 5262504 01 3
5264 5263100 01 6
5264 5263102 01 2
5264 5263102 01 6
6104 6102062 01 2
6104 6102062 01 6
6104 6103025 01 6
6104 6103081 01 6
6104 6104071 01 2
6104 6104071 01 6
4104 4100003 02 6
4104 4100007 01 2
4104 4100007 01 3
4104 4100007 01 6
4104 4101005 01 6
4104 4101009 01 6
4104 4101009 02 6
4104 4101009 03 6
4104 4101009 04 6
4104 4101155 01 6
4104 4101155 02 2
4104 4101155 02 3
4104 4103020 01 3
4104 4103020 01 6
4104 4103020 02 3
4104 4103022 01 2
4104 4103066 01 3
4104 4103068 01 3
4104 4103068 01 6
4104 4103068 02 3
6104 6102062 01 2
6104 6102062 01 6
6104 6103025 01 6
6104 6103081 01 6
6104 6104071 01 2
6104 6104071 01 6
1204 1201161 01 6
1204 1202341 01 2
1204 1202341 01 3
4306 4305066 01 2
4306 4305138 01 3
3204 3201005 01 2
3204 3201010 01 2
3204 3201010 01 6
3204 3202021 01 2
3204 3202021 01 3
3204 3202031 01 2
3204 3203021 01 6
5104 5101001 03 6
5104 5103105 01 2
5104 5103105 01 3
5104 5103160 01 2
5104 5103160 01 3
5104 5103501 02 2
5104 5103501 02 3
5104 5101001 03 6
5104 5103105 01 2
5104 5103105 01 3
5104 5103160 01 2
5104 5103160 01 3
5104 5103501 02 2
5104 5103501 02 3
5106 5105402 01 2
5106 5105402 01 6
5106 5105632 01 2
5106 5105315 01 2
5106 5105402 01 2
5106 5105402 01 6
5106 5105502 01 2
5106 5105632 01 2
5106 5105641 01 2
5106 5105641 01 3
5106 5105315 01 2
5106 5105402 01 2
5106 5105402 01 6
5106 5105502 01 2
5106 5105632 01 2
5106 5105641 01 2
5106 5105641 01 3
5104 5101001 03 6
5104 5103105 01 2
5104 5103105 01 3
5104 5103160 01 2
5104 5103160 01 3
5104 5103501 02 2
5104 5103501 02 3
5104 5101001 03 6
5104 5103105 01 2
5104 5103105 01 3
5104 5103160 01 2
5104 5103160 01 3
5104 5103501 02 2
5104 5103501 02 3
4204 4201101 01 2
4204 4201101 01 6
4204 4202301 01 6
4204 4202301 02 6
4206 4205001 01 2
4206 4205001 01 3
4206 4205904 01 2
4206 4205960 01 2
4206 4206356 01 2
4206 4206356 01 3
3204 3201005 01 2
3204 3201010 01 2
3204 3201010 01 6
3204 3202021 01 2
3204 3202021 01 3
3204 3202031 01 2
3204 3203021 01 6
2204 2201001 02 6
2204 2201001 05 6
2204 2201001 06 6
2204 2201001 07 6
2204 2201001 08 6
2204 2201001 09 6
2204 2201001 10 6
2204 2203090 01 6
2204 2204092 01 6
2206 2205273 01 6
2156 2158000 01 3
1154 1151017 02 6
1154 1151021 01 6
1154 1151027 01 6
1154 1152031 01 2
1154 1152063 01 6
1154 1152071 01 6
1154 1154198 01 2
1154 1154199 01 2
1156 1156021 01 5
1356 1355001 01 6
7156 3505154 01 2
7106 3405232 01 6
7106 3405703 01 2
7106 3405703 01 6
4254 4253800 01 2
4254 4253800 01 3
4254 4253915 01 2
4254 4253990 01 2
4254 4254100 01 6
4254 4254100 02 6
4254 4254410 01 2
2456 2455011 01 6
2456 2455116 01 2
2456 2455706 01 6
2456 2455707 01 6
2556 2555001 01 6
2556 2555008 01 6
2206 2205273 01 6
2504 2501003 01 6
2504 2501101 01 6
2504 2504001 01 2
2504 2504104 01 2
2504 2504105 01 6
2504 2504106 01 6
7104 3401110 01 6
7104 3402015 01 6
7104 3402202 01 2
7104 3402202 01 3
7104 3402202 01 6
7104 3404001 01 6
7106 3405232 01 6
7106 3405703 01 2
7106 3405703 01 6
7156 3505154 01 2
3104 3101021 02 6
3104 3101046 01 6
3104 3103069 01 2
3104 3101021 02 6
3104 3101046 01 6
3104 3103069 01 2
3304 3301020 01 2
3304 3301020 01 6
3304 3301070 01 6
3304 3301950 01 2
3304 3301950 01 6
3304 3302000 01 2
3304 3303000 01 2
3304 3303010 01 2
3304 3303340 01 6
3304 3304311 01 2
4254 4253800 01 2
4254 4253800 01 3
4254 4253915 01 2
4254 4253990 01 2
4254 4254100 01 6
4254 4254100 02 6
4254 4254410 01 2
4256 4255062 01 2
4256 4255062 01 4
4256 4255062 01 6
4256 4255211 01 2
4256 4255740 01 2
4256 4256011 01 6
4256 4256012 01 6
4256 4256031 01 6
4256 4256032 01 6
4256 4256051 01 6
4256 4256052 01 6
4256 4256082 01 6
4254 4253800 01 2
4254 4253800 01 3
4254 4253915 01 2
4254 4253915 01 3
4254 4253990 01 2
4254 4254100 01 6
4254 4254100 02 6
4254 4254410 01 2
7104 3401110 01 6
7104 3402015 01 6
7104 3402202 01 2
7104 3402202 01 3
7104 3402202 01 6
7104 3403010 01 6
7104 3404001 01 6
4256 4255011 01 2
4256 4255062 01 2
4256 4255062 01 4
4256 4255062 01 6
4256 4255211 01 2
4256 4255740 01 2
4256 4256011 01 6
4256 4256012 01 6
4256 4256031 01 6
4256 4256032 01 6
4256 4256051 01 6
4256 4256052 01 6
4256 4256082 01 6
4154 4151001 02 6
4154 4153205 01 2
4154 4153205 01 3
4156 4155102 01 2
4156 4155306 01 3
4156 4155318 01 3
4156 4155525 01 3
4156 4155528 01 3
4156 4156027 01 3
4156 4156505 01 2
4206 4205001 01 2
4206 4205001 01 3
4206 4205904 01 2
4206 4205960 01 2
4206 4206356 01 2
4206 4206356 01 3
4206 4205001 01 2
4206 4205001 01 3
4206 4205904 01 2
4206 4205960 01 2
4206 4206356 01 2
4206 4206356 01 3
3306 3305020 01 6
3306 3308001 01 2
4154 4151001 02 6
4154 4152017 01 2
4154 4152017 01 3
4154 4153205 01 2
4154 4153205 01 3
4156 4155102 01 2
4156 4155128 01 2
4156 4155306 01 3
4156 4155318 01 3
4156 4155501 01 3
4156 4155525 01 3
4156 4155528 01 3
4156 4156027 01 3
4156 4156322 01 3
4156 4156505 01 2
3204 3201005 01 2
3204 3201010 01 2
3204 3201010 01 6
3204 3202021 01 2
3204 3202021 01 3
3204 3202031 01 2
3204 3203021 01 6
2104 2101011 01 2
2104 2101011 01 3
2104 2101011 01 6
2104 2104552 01 3
3354 3351015 01 2
3354 3351015 01 6
3354 3353003 01 2
3354 3354002 01 2
3354 3354002 01 3
3354 3354005 01 2
3354 3354005 01 6
7156 3505154 01 2
3206 3205005 01 2
3206 3205005 01 3
3206 3205039 01 2
3206 3205039 01 3
3206 3206055 01 2
3206 3206073 01 6
4156 4155102 01 2
4156 4155104 01 6
4156 4155128 01 2
4156 4155306 01 3
4156 4155318 01 3
4156 4155501 01 3
4156 4155525 01 3
4156 4155528 01 3
4156 4156027 01 3
4156 4156322 01 3
4156 4156505 01 2
4304 4301002 01 6
4304 4302018 01 2
4304 4302018 01 3
2606 2605215 01 2
2606 2605305 01 2
2606 2605315 01 2
2606 2605215 01 2
2606 2605305 01 2
2606 2605315 01 2
7254 3452028 01 2
7254 3452028 01 6
7254 3453009 01 6
7254 3453010 01 2
7254 3453034 01 3
7254 3453036 01 3
7254 3453037 01 2
7254 3453048 01 3
7254 3454002 01 2
7254 3454002 01 6
7254 3454006 01 2
7254 3454006 01 3
7254 3454011 01 2
7254 3454011 01 3
7254 3454012 01 3
7254 3452028 01 2
7254 3452028 01 6
7254 3453009 01 6
7254 3453010 01 2
7254 3453034 01 3
7254 3453036 01 3
7254 3453037 01 2
7254 3453048 01 3
7254 3454002 01 2
7254 3454002 01 6
7254 3454006 01 2
7254 3454006 01 3
7254 3454011 01 2
7254 3454011 01 3
5204 5201001 01 2
5204 5202011 01 3
5204 5201001 01 2
5204 5202011 01 3
5154 5153340 01 6
5154 5154320 01 3
5156 5155901 01 6
5156 5158200 01 6
1254 1251911 01 2
1254 1251911 01 6
1254 1252100 01 2
1254 1252200 01 2
1254 1252305 01 2
1254 1252305 01 3
1254 1252305 01 6
1254 1252309 01 3
1254 1252934 01 2
1254 1253406 01 3
7254 3452028 01 2
7254 3452028 01 6
7254 3453009 01 6
7254 3453010 01 2
7254 3453036 01 3
7254 3453037 01 2
7254 3453048 01 3
7254 3454002 01 2
7254 3454002 01 6
7254 3454006 01 2
7254 3454006 01 3
7254 3454011 01 2
7254 3454011 01 3
1254 1251911 01 2
1254 1251911 01 6
1254 1252100 01 2
1254 1252200 01 2
1254 1252305 01 2
1254 1252305 01 3
1254 1252305 01 6
1254 1252309 01 3
1254 1252934 01 2
1254 1253406 01 3
1256 1255112 01 6
1256 1255401 01 2
1256 1257340 01 2
1256 1257405 01 2
1306 1305002 01 2
1306 1305003 01 2
1306 1307030 01 2
7356 3905037 01 6
7356 3905041 01 2
7356 3905041 01 6
7356 3905333 01 6
7356 3905503 01 2
7356 3905503 01 6
1306 1305002 01 2
1306 1305003 01 2
1306 1307030 01 2
7306 3546185 01 2
1256 1255112 01 6
1256 1255401 01 2
1256 1257340 01 2
1256 1257405 01 2
7006 7101058 01 3
7006 7101058 02 2
7006 7101058 02 3
7006 7101069 01 2
7006 7101069 01 3
7006 7101077 02 2
7006 7101077 02 3
7006 7101079 01 3
7006 7101079 02 3
7006 7101084 02 3
7006 7102001 01 2
7006 7102001 01 3
7006 7102001 01 6
7006 7102001 03 3
7006 7102001 04 3
7006 7102001 05 2
7006 7102001 05 6
7006 7102001 06 3
7006 7102003 01 6
7006 7102003 02 6
7006 7203001 01 2
7006 7203001 01 6
7006 7203001 02 6
7006 7303010 01 6
7006 7402030 01 3
7006 7402031 01 3
7006 7403006 01 2
7006 7403006 01 3
7006 7403007 01 2
7006 7403007 01 3
7006 7404002 01 3
7006 7404009 01 3
7006 7404012 01 2
7006 7405004 02 6
7006 7406004 01 6
7006 7406005 01 6
7006 7406009 01 6
7006 7406011 03 6
7006 7501016 01 2
7006 7501016 01 3
7006 7502001 01 6
3154 3151502 01 2
3154 3152004 01 6
3154 3152903 01 2
3154 3153003 01 2
3154 3153501 01 2
7406 3917008 01 2
3156 3155016 01 2
3156 3155016 01 3
3156 3155017 01 2
3156 3155017 01 3
3156 3155407 01 2
3156 3155408 01 6
3156 3155527 01 2
3156 3155529 01 2
3656 3655303 01 2
3656 3655303 01 3
7406 3917008 01 2
7406 3917008 01 3
3656 3655303 01 2
3656 3655303 01 3
5106 5105315 01 2
5106 5105315 01 3
5106 5105402 01 2
5106 5105402 01 6
5106 5105502 01 2
5106 5105632 01 2
5106 5105641 01 2
5106 5105641 01 3
5104 5101001 03 6
5104 5103105 01 2
5104 5103105 01 3
5104 5103160 01 2
5104 5103160 01 3
5104 5103501 02 2
5104 5103501 02 3
7406 3917008 01 2
7406 3917008 01 3
7406 3917008 01 2
7406 3917008 01 3
1406 1405143 01 2
1406 1406113 01 6
4306 4305066 01 2
4306 4305138 01 3
4304 4301002 01 6
4304 4302018 01 2
4304 4302018 01 3
5106 5105315 01 2
5106 5105315 01 3
5106 5105402 01 2
5106 5105402 01 6
5106 5105502 01 2
5106 5105632 01 2
5106 5105641 01 2
5106 5105641 01 3
5104 5101001 03 6
5104 5103105 01 2
5104 5103105 01 3
5104 5103160 01 2
5104 5103160 01 3
5104 5103501 02 2
5104 5103501 02 3
1406 1405143 01 2
1406 1406113 01 6
7006 7101058 01 3
7006 7101058 02 2
7006 7101058 02 3
7006 7101069 01 2
7006 7101069 01 3
7006 7101077 02 2
7006 7101077 02 3
7006 7101079 01 3
7006 7101079 02 3
7006 7101084 02 3
7006 7102001 01 2
7006 7102001 01 3
7006 7102001 01 6
7006 7102001 03 3
7006 7102001 04 3
7006 7102001 05 2
7006 7102001 05 6
7006 7102001 06 3
7006 7102002 06 2
7006 7102003 01 6
7006 7102003 02 6
7006 7203001 01 2
7006 7203001 01 6
7006 7203001 02 6
7006 7303010 01 6
7006 7402012 01 6
7006 7402031 01 3
7006 7403006 01 2
7006 7403006 01 3
7006 7403006 01 6
7006 7403007 01 2
7006 7403007 01 3
7006 7404002 01 3
7006 7404009 01 3
7006 7404012 01 2
7006 7405004 02 6
7006 7406004 01 6
7006 7406005 01 6
7006 7406009 01 6
7006 7406011 03 6
7006 7501016 01 2
7006 7501016 01 3
7006 7502001 01 6
7006 7504011 01 6
7006 7504018 01 6
7006 7504020 01 6
1204 1201161 01 6
1204 1202341 01 2
1204 1202341 01 3
1406 1405143 01 2
1406 1406113 01 6
1106 1105873 01 3
1106 1105943 01 3
1106 1106760 01 2
1106 1106943 01 2
6304 6301001 01 2
6304 6301001 01 3
7006 7101058 01 3
7006 7101058 02 2
7006 7101058 02 3
7006 7101069 01 2
7006 7101069 01 3
7006 7101077 02 2
7006 7101077 02 3
7006 7101079 01 3
7006 7101079 02 3
7006 7101084 02 3
7006 7102001 01 2
7006 7102001 01 3
7006 7102001 01 6
7006 7102001 03 3
7006 7102001 04 3
7006 7102001 05 2
7006 7102001 05 6
7006 7102001 06 3
7006 7102002 06 2
7006 7102003 01 6
7006 7102003 02 6
7006 7203001 01 2
7006 7203001 01 6
7006 7203001 02 6
7006 7303010 01 6
7006 7402012 01 6
7006 7402031 01 3
7006 7403006 01 2
7006 7403006 01 3
7006 7403006 01 6
7006 7403007 01 2
7006 7403007 01 3
7006 7404002 01 3
7006 7404009 01 3
7006 7404012 01 2
7006 7405004 02 6
7006 7406004 01 6
7006 7406005 01 6
7006 7406009 01 6
7006 7406011 03 6
7006 7501016 01 2
7006 7501016 01 3
7006 7502001 01 6
7006 7504011 01 6
7006 7504018 01 6
7006 7504020 01 6
7006 7101058 01 3
7006 7101058 02 2
7006 7101058 02 3
7006 7101069 01 2
7006 7101069 01 3
7006 7101077 02 2
7006 7101077 02 3
7006 7101079 01 3
7006 7101079 02 3
7006 7101084 02 3
7006 7102001 01 2
7006 7102001 01 3
7006 7102001 01 6
7006 7102001 03 3
7006 7102001 04 3
7006 7102001 05 2
7006 7102001 05 6
7006 7102001 06 3
7006 7102002 06 2
7006 7102003 01 6
7006 7102003 02 6
7006 7203001 01 2
7006 7203001 01 6
7006 7203001 02 6
7006 7303010 01 6
7006 7402012 01 6
7006 7402031 01 3
7006 7403006 01 2
7006 7403006 01 3
7006 7403006 01 6
7006 7403007 01 2
7006 7403007 01 3
7006 7404002 01 3
7006 7404009 01 3
7006 7404012 01 2
7006 7405004 02 6
7006 7406004 01 6
7006 7406005 01 6
7006 7406009 01 6
7006 7406011 03 6
7006 7501016 01 2
7006 7501016 01 3
7006 7502001 01 6
7006 7504011 01 6
7006 7504018 01 6
7006 7504020 01 6
5264 5261104 01 2
5264 5261104 05 2
5264 5261104 05 6
5264 5261104 07 3
5264 5262504 01 2
5264 5262504 01 3
5264 5263100 01 6
5264 5263102 01 2
5264 5263102 01 6
4204 4203805 01 2
2354 2352015 01 2
2354 2352016 01 2
2354 2353013 01 2
2354 2354012 01 2
2206 2205301 01 2
2206 2205301 01 2
4206 4205151 01 2
4206 4205151 01 3
4206 4205903 01 2
4206 4205903 01 3
2354 2352015 01 2
2354 2352016 01 2
2354 2353013 01 2
2354 2354012 01 2
5266 5265026 01 2
5266 5265034 01 2
5266 5265100 01 2
5266 5268220 01 6
5266 5268221 01 2
5266 5268221 01 3
5266 5268221 01 6
5204 5202013 01 2
5204 5202013 01 6
5204 5204035 01 3
5204 5202013 01 2
5204 5202013 01 6
5204 5204035 01 3
3354 3351006 01 2
3354 3351006 01 6
3354 3351006 02 2
3354 3351006 02 6
3354 3353008 01 2
3354 3351006 01 2
3354 3351006 01 6
3354 3351006 02 2
3354 3351006 02 6
3354 3353008 01 2
3354 3354008 01 2
5206 5205015 01 6
5206 5206005 01 6
5206 5206009 01 6
5204 5201002 02 6
5204 5202013 01 2
5204 5202013 01 6
5204 5204035 01 3
3356 3356009 01 2
2104 2101005 01 5
2504 2501005 01 2
2504 2504003 01 2
2504 2504003 01 3
2504 2504003 02 2
2504 2504003 02 3
2106 2105204 01 6
2106 2108804 01 6
5206 5205015 01 6
5206 5206005 01 6
5206 5206009 01 6
2406 2405008 01 2
2406 2405008 01 6
2406 2406304 01 2
2406 2408806 01 6
2456 2455332 01 2
2456 2455904 01 3
5264 5262106 01 2
5264 5262106 01 3
5264 5263106 01 2
5264 5263106 01 3
2406 2405008 01 2
2406 2405008 01 6
2406 2406304 01 2
2406 2408806 01 6
2104 2101005 01 5
2104 2101005 01 5
2556 2555104 01 3
2556 2555105 01 6
2106 2105204 01 6
2106 2108804 01 6
2406 2405008 01 2
2406 2405008 01 6
2406 2406304 01 2
2406 2408806 01 6
5106 5105302 01 2
5106 5105368 01 2
5106 5105403 01 2
5106 5105403 01 3
5106 5105510 01 3
5104 5102240 01 2
5104 5103360 01 3
5104 5104710 01 3
5104 5102240 01 2
5104 5103308 01 2
5104 5103308 01 3
5104 5103312 01 3
5104 5103360 01 3
5104 5104710 01 3
4154 4153009 01 6
4154 4153234 01 2
4154 4153234 01 3
4154 4153906 01 2
4154 4153906 01 3
4154 4154034 01 2
4156 4155103 01 2
4156 4155103 01 3
4156 4155314 01 2
4156 4155314 01 3
4156 4156114 01 2
4156 4156333 01 6
3104 3102145 01 2
3106 3105085 01 2
3106 3106004 01 2
2504 2501005 01 2
2504 2502009 01 6
2504 2504003 01 2
2504 2504003 01 3
2504 2504003 02 2
2504 2504003 02 3
2504 2501005 01 2
2504 2502009 01 6
2504 2503101 01 6
2504 2504003 01 2
2504 2504003 01 3
2504 2504003 02 2
2504 2504003 02 3
2504 2501005 01 2
2504 2503101 01 6
2504 2504003 01 2
2504 2504003 01 3
2504 2504003 02 2
2504 2504003 02 3
4416 4415008 01 2
4416 4415008 01 3
4416 4415008 01 2
4416 4415008 01 3
1154 1151018 02 6
1154 1151032 01 2
1154 1151032 02 2
1154 1151018 02 6
1154 1151032 01 2
1154 1151032 02 2
1154 1152006 02 3
7254 3451023 01 6
7254 3453027 01 2
7254 3453031 01 2
7254 3453031 01 3
7254 3453043 01 2
7254 3454009 01 2
7254 3451023 01 6
7254 3453027 01 2
7254 3453031 01 2
7254 3453031 01 3
7254 3453031 01 6
7254 3453043 01 2
7254 3454009 01 2
6056 6055008 01 2
6056 6055008 01 3
5304 5303202 01 6
5306 5305237 01 6
5306 5305238 01 6
5556 5555049 01 6
5556 5555050 01 6
3304 3302040 01 6
3304 3304340 01 2
3306 3306590 01 2
7104 3401021 01 6
7104 3402014 01 2
7104 3401021 01 6
7104 3402014 01 2
7104 3401021 01 6
7104 3402014 01 2
7106 3405231 01 2
7506 3925253 01 2
7506 3925253 01 2
7506 3925254 01 6
1154 1151018 02 6
1154 1151032 01 2
1154 1151032 02 2
1154 1152006 02 3
1154 1152032 01 6
1156 1155176 01 6
1156 1155176 01 6
1156 1157010 01 3
2104 2101005 01 5
2104 2101013 01 3
4256 4255724 01 3
4256 4256022 01 2
4256 4256071 01 2
6056 6055008 01 2
6056 6055008 01 3
4304 4303012 01 2
4304 4303012 01 3
4256 4255724 01 3
4256 4256022 01 2
4256 4256071 01 2
7256 3455003 01 6
7256 3457018 01 2
7256 3457018 01 6
7256 3455003 01 6
7256 3457018 01 2
7256 3457018 01 3
7256 3457018 01 6
4254 4253501 01 6
4254 4253501 02 6
4254 4253970 01 2
4306 4305129 01 2
4306 4305129 01 3
4306 4305129 01 2
4306 4305129 01 3
4156 4155103 01 2
4156 4155103 01 3
4156 4155314 01 2
4156 4155314 01 3
4156 4156029 01 2
4156 4156029 01 3
4156 4156114 01 2
4156 4156333 01 6
1356 1355002 01 6
1356 1355146 01 6
5154 5152102 01 6
5154 5154350 01 2
5154 5154350 01 3
5154 5152102 01 6
5154 5154350 01 2
5154 5154350 01 3
5154 5152102 01 6
5154 5154350 01 2
5154 5154350 01 3
5156 5156210 01 2
5154 5152102 01 6
5154 5154350 01 2
5154 5154350 01 3
6056 6055008 01 2
6056 6055008 01 3
6056 6055008 01 2
6056 6055008 01 3
4104 4104800 01 2
4106 4105140 01 2
4106 4105436 01 2
4104 4104800 01 2
1154 1151018 02 6
1154 1151032 01 2
1154 1151032 02 2
1154 1152006 02 3
1154 1152032 01 6
1154 1154157 01 3
6104 6102063 01 2
6104 6102063 02 2
6104 6103044 01 2
6104 6103052 01 2
6104 6103052 01 3
6104 6103072 01 2
6104 6103072 01 3
6104 6104010 01 2
6204 6203023 01 2
6204 6203026 01 2
6204 6203026 01 3
4416 4415008 01 2
4416 4415008 01 3
4156 4155103 01 2
4156 4155103 01 3
4156 4155314 01 2
4156 4155314 01 3
4156 4155511 01 3
4156 4156029 01 2
4156 4156029 01 3
4156 4156114 01 2
4156 4156333 01 6
4156 4158815 01 3
4154 4153009 01 6
4154 4153234 01 2
4154 4153234 01 3
4154 4153906 01 2
4154 4153906 01 3
4154 4154034 01 2
4156 4155103 01 2
4156 4155103 01 3
4156 4155313 01 3
4156 4155314 01 2
4156 4155314 01 3
4156 4155511 01 3
4156 4156029 01 2
4156 4156029 01 3
4156 4156114 01 2
4156 4156327 01 3
4156 4156333 01 6
4156 4158815 01 3
3156 3155020 01 2
3156 3155020 01 3
3156 3155705 01 2
3156 3155705 01 3
3156 3156702 01 2
3156 3156702 01 3
3156 3157800 01 2
3154 3152013 01 2
3154 3152013 02 2
3154 3153028 01 6
3154 3154523 01 2
4254 4253501 01 6
4254 4253501 02 6
4254 4253970 01 2
4256 4255724 01 3
4256 4256022 01 2
4256 4256071 01 2
4254 4253501 01 6
4254 4253501 02 6
4254 4253970 01 2
4256 4255570 01 2
4256 4255724 01 3
4256 4256022 01 2
4256 4256071 01 2
5264 5261105 01 2
5264 5262106 01 2
5264 5262106 01 3
5264 5263106 01 2
5264 5263106 01 3
1104 1103312 01 2
1104 1103703 01 2
5206 5205015 01 6
5206 5206005 01 6
5206 5206009 01 6
5266 5265026 01 2
5266 5265034 01 2
5266 5265100 01 2
5266 5268220 01 6
5266 5268221 01 2
5266 5268221 01 3
5266 5268221 01 6
4256 4255570 01 2
4256 4255724 01 3
4256 4256022 01 2
4256 4256042 01 2
4256 4256071 01 2
3356 3355137 01 2
3356 3355137 01 6
3356 3356009 01 2
3154 3152013 01 2
3154 3152013 02 2
3154 3153028 01 6
3154 3154523 01 2
7104 3401021 01 6
7104 3402014 01 2
7104 3401021 01 6
7104 3402014 01 2
7106 3405053 01 2
7106 3405053 01 3
7106 3405231 01 2
7506 3925253 01 2
7506 3925254 01 6
7506 3926002 01 2
7506 3926002 01 3
3156 3155020 01 2
3156 3155020 01 3
3156 3155705 01 2
3156 3155705 01 3
3156 3156702 01 2
3156 3156702 01 3
3156 3157800 01 2
4154 4153009 01 6
4154 4153234 01 2
4154 4153234 01 3
4154 4153906 01 2
4154 4153906 01 3
4154 4154034 01 2
1406 1405191 01 6
1406 1405191 01 6
3104 3102145 01 2
3106 3105085 01 2
3106 3106004 01 2
7156 3507057 01 2
7106 3405053 01 2
7106 3405053 01 3
7106 3405231 01 2
F000 9022020 01 6
3204 3201007 01 2
3204 3203039 01 2
3204 3204005 01 2
3206 3205052 01 2
3206 3205052 01 3
7306 3545001 01 2
7306 3545880 02 2
7306 3546205 01 2
7306 3546205 01 3
7306 3546210 01 3
7306 3545001 01 2
7306 3545880 02 2
7306 3546200 01 2
7306 3546205 01 2
7306 3546205 01 3
7306 3546210 01 3
7306 3545001 01 2
7306 3545880 02 2
7306 3546200 01 2
7306 3546205 01 2
7306 3546205 01 3
7306 3546210 01 3
7006 7102001 07 2
7006 7102001 07 6
7006 7102002 02 2
7006 7102002 02 3
7006 7102002 02 6
7006 7102010 01 3
7006 7303010 01 3
7006 7306013 01 6
7006 7405001 01 6
7006 7405004 03 6
7006 7406009 01 6
7006 7406011 02 6
7006 7502005 01 3
7006 7503009 01 6
7006 7503014 01 6
6304 6302060 01 5
6304 6302060 01 6
7006 7102001 07 2
7006 7102001 07 6
7006 7102002 02 2
7006 7102002 02 3
7006 7102002 02 6
7006 7102010 01 3
7006 7303010 01 3
7006 7306013 01 6
7006 7405001 01 6
7006 7405004 03 6
7006 7406009 01 6
7006 7406011 02 6
7006 7502005 01 3
7006 7503009 01 6
7006 7503014 01 6
7006 7102001 07 2
7006 7102001 07 6
7006 7102002 02 2
7006 7102002 02 3
7006 7102002 02 6
7006 7102010 01 3
7006 7303010 01 3
7006 7306013 01 6
7006 7405001 01 6
7006 7405004 03 6
7006 7406009 01 6
7006 7406011 02 6
7006 7502005 01 3
7006 7503009 01 6
7006 7503014 01 6
7006 7102001 07 2
7006 7102001 07 6
7006 7102002 02 2
7006 7102002 02 3
7006 7102002 02 6
7006 7102010 01 3
7006 7303010 01 3
7006 7306013 01 6
7006 7405001 01 6
7006 7405004 03 6
7006 7406009 01 6
7006 7406011 02 6
7006 7502005 01 3
7006 7503009 01 6
7006 7503014 01 6
4104 4104800 01 2
3416 3415015 01 6
3416 3415040 01 6
3416 3415065 01 5
1104 1103312 01 2
1104 1103703 01 2
7006 7102001 07 2
7006 7102001 07 6
7006 7102002 02 2
7006 7102002 02 3
7006 7102002 02 6
7006 7102010 01 3
7006 7303010 01 3
7006 7306013 01 6
7006 7405001 01 6
7006 7405004 03 6
7006 7406009 01 6
7006 7406011 02 6
7006 7501016 01 2
7006 7501016 01 3
7006 7502002 01 6
7006 7502005 01 3
7006 7503009 01 6
7006 7503014 01 6
1156 1155181 01 2
1156 1155183 01 6
1156 1157011 01 2
5104 5103160 01 2
5104 5103160 01 3
5204 5201001 01 6
5204 5204035 01 3
4206 4205509 01 6
1154 1152063 01 2
1154 1152063 03 2
4204 4204012 01 2
4204 4204012 01 3
1154 1152063 01 2
1154 1152063 03 2
1306 1306556 01 2
5206 5205005 01 6
5206 5205006 01 2
5206 5205061 01 6
5206 5206002 01 6
5206 5206015 01 6
5456 5455001 01 2
5456 5455006 01 2
5456 5455006 01 3
2104 2101001 03 3
2104 2101001 03 6
2104 2101001 05 6
2104 2101002 01 6
2104 2101003 02 6
2104 2101003 03 6
2104 2101004 01 6
2104 2101013 01 6
2104 2102701 01 6
2104 2104701 01 6
5206 5205005 01 6
5206 5205006 01 2
5206 5205061 01 6
5206 5206002 01 6
5206 5206015 01 6
2104 2101001 03 3
2104 2101001 03 6
2104 2101001 05 6
2104 2101002 01 6
2104 2101003 02 6
2104 2101003 03 6
2104 2101004 01 6
2104 2101013 01 6
2104 2102701 01 6
2104 2104201 01 6
2104 2104701 01 6
5106 5105242 01 6
5206 5205005 01 6
5206 5205006 01 2
5206 5205061 01 6
5206 5206002 01 6
5206 5206015 01 6
5456 5455001 01 2
5456 5455006 01 2
5456 5455006 01 3
5106 5105242 01 6
5206 5205005 01 6
5206 5205006 01 2
5206 5205061 01 6
5206 5206002 01 6
5206 5206015 01 6
2104 2101001 03 3
2104 2101001 03 6
2104 2101001 05 6
2104 2101002 01 6
2104 2101003 02 6
2104 2101003 03 6
2104 2101004 01 6
2104 2101013 01 6
2104 2102701 01 6
2104 2104201 01 6
2104 2104701 01 6
1154 1152063 01 2
1154 1152063 03 2
1306 1306556 01 2
2104 2101001 03 3
2104 2101001 03 6
2104 2101001 05 6
2104 2101002 01 6
2104 2101003 02 6
2104 2101003 03 6
2104 2101004 01 6
2104 2101013 01 6
2104 2102701 01 6
2104 2104201 01 6
2104 2104701 01 6
2406 2406301 01 2
2406 2406301 01 3
2316 2315723 01 6
2316 2315730 01 6
7254 3453007 01 2
7254 3453007 01 3
7254 3453010 01 2
7254 3454005 01 2
7254 3454005 01 3
7254 3454011 01 2
2316 2315723 01 6
2316 2315730 01 6
4156 4155102 01 2
4156 4155102 01 3
4156 4155105 01 2
4156 4155105 01 6
4156 4155106 01 2
4156 4155106 01 3
4156 4155133 01 3
4156 4155503 01 2
4156 4155503 01 6
4156 4156001 01 6
V000 9031063 01 2
V000 9031063 01 3
V000 9031063 01 6
V000 9031063 02 6
V000 9031063 03 6
V000 9031063 04 6
V000 9031063 05 6
4154 4151004 01 2
4154 4151004 01 3
4154 4151004 01 6
4154 4152201 02 6
4154 4153913 01 3
7254 3453007 01 2
7254 3453007 01 3
7254 3453010 01 2
7254 3453010 01 6
7254 3453036 01 6
7254 3454005 01 2
7254 3454005 01 3
7254 3454011 01 2
2504 2501002 01 2
2504 2502004 01 2
2504 2502011 01 2
2504 2501002 01 2
2504 2502004 01 2
2504 2502011 01 2
1106 1105983 01 2
7254 3453007 01 2
7254 3453007 01 3
7254 3453010 01 6
7254 3453036 01 2
7254 3453036 01 6
7254 3454005 01 2
7254 3454005 01 3
7254 3454011 01 2
2456 2455011 01 6
1104 1101311 01 2
1104 1101311 01 3
1104 1101311 01 6
1104 1101411 01 2
1104 1101411 01 6
1104 1102153 01 2
1104 1102653 01 2
1104 1102653 01 3
2556 2555006 01 6
1406 1405107 01 2
1406 1406131 01 2
1406 1406131 01 6
4154 4151004 01 2
4154 4151004 01 3
4154 4151004 01 6
4154 4152201 02 6
4154 4153913 01 3
4156 4155102 01 2
4156 4155102 01 3
4156 4155105 01 2
4156 4155105 01 6
4156 4155106 01 2
4156 4155106 01 3
4156 4155133 01 3
4156 4155503 01 2
4156 4155503 01 6
4156 4156001 01 6
5206 5205005 01 6
5206 5205006 01 2
5206 5205057 01 2
5206 5205061 01 6
5206 5206002 01 6
5206 5206015 01 6
5456 5455001 01 2
5456 5455006 01 2
5456 5455006 01 3
5456 5455055 01 2
5206 5205005 01 6
5206 5205006 01 2
5206 5205057 01 2
5206 5205061 01 6
5206 5206002 01 6
5206 5206015 01 6
1206 1209231 01 2
1204 1202231 01 2
1204 1202231 01 3
3304 3302000 01 3
3304 3303000 01 2
3304 3304311 01 2
2604 2601101 03 6
2604 2601107 03 6
2604 2601107 04 6
2604 2602217 01 6
2604 2603801 01 6
2604 2604801 01 6
2604 2604901 01 6
2604 2601101 03 6
2604 2601107 03 6
2604 2601107 04 6
2604 2602217 01 6
2604 2603801 01 6
2604 2604801 01 6
2604 2604901 01 6
1206 1205319 01 2
1206 1209231 01 2
5104 5101001 01 3
5104 5103160 01 2
5104 5103160 01 3
5304 5302105 01 6
5304 5302207 01 6
5304 5302105 01 6
5304 5302207 01 6
7104 3401015 01 2
7104 3401015 01 6
7104 3401110 01 6
7104 3402016 01 2
7104 3402016 01 6
7104 3402017 01 2
7104 3404001 01 2
7104 3404001 01 6
7104 3404004 01 2
7104 3404004 01 3
3106 3105224 01 2
3106 3105509 01 2
7106 3405061 01 3
7106 3405113 01 3
7106 3405703 01 3
7106 3407014 01 3
7106 3407014 01 5
3104 3103042 01 2
3104 3103042 01 3
6056 6055320 01 2
6056 6055385 01 2
6056 6055802 01 2
6056 6055320 01 2
6056 6055343 01 6
6056 6055385 01 2
6056 6055403 01 6
6056 6055802 01 2
6104 6102025 01 2
6104 6102041 01 2
6104 6102041 01 6
6104 6102092 01 6
6104 6102093 01 2
6104 6102093 01 6
6104 6102094 03 6
6104 6104001 01 6
6104 6104002 01 2
6104 6104002 01 3
6056 6055320 01 2
6056 6055343 01 6
6056 6055385 01 2
6056 6055403 01 6
6056 6055802 01 2
6204 6202017 01 2
3106 3105224 01 2
3106 3105509 01 2
3106 3105511 01 2
6056 6055320 01 2
6056 6055343 01 6
6056 6055385 01 2
6056 6055403 01 6
6056 6055802 01 2
6104 6102025 01 2
6104 6102041 01 2
6104 6102041 01 6
6104 6102092 01 6
6104 6102093 01 2
6104 6102093 01 6
6104 6102094 03 6
6104 6104001 01 6
6104 6104002 01 2
6104 6104002 01 3
6204 6202017 01 2
6204 6202017 01 2
6056 6055320 01 2
6056 6055343 01 6
6056 6055385 01 2
6056 6055403 01 6
6056 6055802 01 2
2606 2605901 01 6
2606 2605902 01 6
2606 2605903 01 6
2606 2605904 01 6
2606 2605901 01 6
2606 2605902 01 6
2606 2605903 01 6
2606 2605904 01 6
5306 5305209 01 2
5306 5305236 01 2
5306 5305240 01 2
5306 5307107 01 2
5306 5307109 01 2
F000 9021001 13 6
F000 9021001 16 6
F000 9021001 20 6
F000 9021001 21 6
F000 9021001 23 6
F000 9021001 27 6
F000 9021001 29 6
F000 9021001 31 6
F000 9021001 32 6
F000 9022213 01 6
F000 9022215 01 6
F000 9021001 13 6
F000 9021001 16 6
F000 9021001 20 6
F000 9021001 21 6
F000 9021001 23 6
F000 9021001 27 6
F000 9021001 29 6
F000 9021001 31 6
F000 9021001 32 6
F000 9022213 01 6
F000 9022215 01 6
5304 5302105 01 6
5304 5302116 01 2
5304 5302207 01 6
4254 4254402 01 6
4254 4254402 02 6
4254 4254410 01 6
5556 5555026 01 2
5556 5555045 01 2
5556 5555053 01 2
4104 4100003 02 6
5304 5302105 01 6
5304 5302116 01 2
5304 5302207 01 6
5304 5302209 01 6
3354 3352001 01 3
3354 3352001 02 3
3354 3352001 02 6
3354 3352002 01 6
3354 3352008 01 6
3356 3356018 01 2
3354 3352001 01 3
3354 3352001 02 3
3354 3352001 02 6
3354 3352002 01 6
3354 3352008 01 6
5204 5201001 01 6
5204 5204035 01 3
7256 3456018 01 2
4106 4105475 01 2
4106 4105475 01 3
4106 4106001 01 6
4106 4106003 01 6
4106 4106005 01 6
3354 3352001 01 3
3354 3352001 02 3
3354 3352001 02 6
3354 3352002 01 6
3354 3352008 01 6
4106 4105475 01 2
4106 4105475 01 3
4106 4106001 01 6
4106 4106003 01 6
4106 4106005 01 6
2204 2201001 07 6
2204 2201001 08 6
2204 2201001 09 6
2204 2203090 01 6
2206 2205300 01 2
2206 2205300 01 3
2206 2207902 01 3
7406 3915001 01 2
7406 3915002 01 2
7406 3915008 01 2
7406 3917008 01 2
7406 3915001 01 2
7406 3915002 01 2
7406 3915008 01 2
7406 3917008 01 2
4304 4302005 01 6
4304 4303024 01 3
4104 4100003 02 6
4104 4102090 01 6
4104 4103068 02 6
4104 4104801 01 6
4306 4305017 01 2
4306 4305017 01 6
4306 4305034 01 2
4306 4305034 01 3
4306 4305038 01 6
4306 4305100 01 3
6204 6201041 01 6
6204 6202017 01 2
6204 6203041 01 6
7306 3545895 01 3
7306 3546035 01 2
7306 3546115 01 3
7406 3915002 01 2
7406 3917008 01 2
1406 1405107 01 2
1406 1405107 01 6
1406 1405126 01 2
1406 1406121 01 2
1406 1406131 01 2
1406 1406131 01 6
3206 3205039 01 2
3206 3205039 01 3
3206 3206075 01 6
3204 3201009 01 2
3204 3203040 01 2
1406 1405107 01 2
1406 1405107 01 6
1406 1405126 01 2
1406 1406121 01 2
1406 1406131 01 2
1406 1406131 01 6
3416 3415010 01 6
3416 3415060 01 2
3416 3415060 01 3
3416 3415130 01 6
3416 3416000 01 6
3416 3417002 01 3
1406 1405107 01 2
1406 1405107 01 6
1406 1405126 01 2
1406 1406121 01 2
1406 1406131 01 2
1406 1406131 01 6
3156 3155017 01 2
3156 3156705 01 2
3156 3158000 01 2
3156 3158000 01 3
3154 3151510 01 2
3154 3151510 01 3
3154 3151510 01 6
3154 3153003 01 6
4104 4100003 02 6
4104 4100003 03 2
4104 4102090 01 6
4104 4103068 02 6
4104 4104801 01 6
4104 4100003 02 6
4104 4100003 03 2
4104 4102090 01 6
4104 4103068 02 6
4104 4104801 01 6
4106 4105475 01 2
4106 4105475 01 3
4106 4106001 01 6
4106 4106003 01 6
4106 4106005 01 6
Z121 1901301 01 3
Z121 1901301 01 6
Z121 1901301 01 3
Z121 1901301 01 6
5154 5152100 01 2
5154 5152100 01 3
5154 5152100 02 3
5154 5152100 03 6
5154 5153340 02 3
5154 5154400 01 3
5156 5156246 01 3
3106 3105193 01 3
3106 3105224 01 2
3106 3105509 01 2
3106 3105509 01 3
3106 3105511 01 2
3104 3103042 01 2
3104 3103042 01 3
3104 3104026 01 2
5106 5105201 01 2
5106 5105242 01 6
5106 5105101 01 2
5106 5105201 01 2
5106 5105242 01 6
1254 1251903 01 2
1254 1251903 01 3
1254 1251951 01 2
1254 1252100 01 6
1254 1252107 01 2
1254 1252200 01 2
1254 1252310 01 2
1254 1252611 01 2
1254 1252927 01 2
1254 1252927 01 3
1254 1253510 01 2
1254 1253609 01 2
1254 1253703 01 2
1254 1253703 01 3
1256 1255110 01 2
1256 1255401 01 3
1256 1257531 01 3
Z121 1901301 01 3
Z121 1901301 01 6
7106 3405061 01 3
7106 3405113 01 3
7106 3405703 01 3
7106 3407014 01 3
4416 4415056 01 2
4416 4415056 01 6
4416 4415056 01 2
4416 4415056 01 6
4416 4415056 01 2
4416 4415056 01 6
5106 5105242 01 6
7406 3915002 01 2
7406 3917008 01 2
7406 3915002 01 2
7406 3917008 01 2
7406 3917029 01 6
7406 3915002 01 2
7406 3917008 01 2
7406 3917029 01 6
3204 3201009 01 2
3204 3203040 01 2
3206 3205039 01 2
3206 3205039 01 3
3206 3206075 01 6
7306 3545895 01 3
7306 3546035 01 2
7306 3546115 01 3
7306 3545895 01 3
7306 3546035 01 2
7306 3546115 01 3
7306 3546225 01 2
7306 3546225 01 3
I001 7101098 02 2
I001 7102001 09 2
I001 7102001 09 3
I001 7102001 11 2
I001 7102001 11 6
I001 7102002 07 2
I001 7102002 07 6
I001 7203001 01 6
I001 7303010 01 2
I001 7403001 02 3
I001 7403002 02 3
I001 7403007 01 6
I001 7404001 01 3
I001 7404001 02 3
I001 7406004 01 6
I001 7406018 01 3
I001 7406025 01 3
I001 7503018 01 6
I001 7507004 01 6
I001 7507009 01 6
7306 3545895 01 3
7306 3546035 01 2
7306 3546115 01 3
7306 3546225 01 2
7306 3546225 01 3
7306 3545895 01 3
7306 3546035 01 2
7306 3546115 01 3
7306 3546225 01 2
7306 3546225 01 3
7406 3915002 01 2
7406 3917008 01 2
7406 3917029 01 6
4104 4100003 02 6
4104 4100003 03 2
4104 4102090 01 6
4104 4103066 01 2
4104 4103066 01 3
4104 4103068 02 6
4104 4104801 01 6
4104 4100003 02 6
4104 4100003 03 2
4104 4102090 01 6
4104 4103066 01 2
4104 4103066 01 3
4104 4103068 02 6
4104 4104801 01 6
5104 5101001 01 3
5104 5103160 01 2
5104 5103160 01 3
4106 4105475 01 2
4106 4105475 01 3
4106 4106001 01 6
4106 4106003 01 6
4106 4106005 01 6
1366 1365002 01 2
7156 3505103 01 2
7156 3505163 01 2
7156 3505213 01 2
7156 3507107 01 2
7156 3507120 01 6
I001 7101098 02 2
I001 7102001 09 2
I001 7102001 09 3
I001 7102001 11 2
I001 7102001 11 6
I001 7102002 07 2
I001 7102002 07 6
I001 7203001 01 6
I001 7303010 01 2
I001 7403001 02 3
I001 7403002 02 3
I001 7403007 01 6
I001 7404001 01 3
I001 7404001 02 3
I001 7406004 01 6
I001 7406018 01 3
I001 7406025 01 3
I001 7503018 01 6
I001 7507004 01 6
I001 7507009 01 6
5106 5105101 01 2
5106 5105201 01 2
5106 5105242 01 6
5106 5105101 01 2
5106 5105201 01 2
5106 5105242 01 6
7104 3401015 01 2
7104 3401015 01 3
7104 3401015 01 6
7104 3401110 01 6
7104 3402016 01 2
7104 3402016 01 3
7104 3402016 01 6
7104 3402017 01 2
7104 3404001 01 2
7104 3404001 01 6
7104 3404004 01 2
7104 3404004 01 3
7254 3453007 01 2
7254 3453007 01 3
7254 3453010 01 6
7254 3453036 01 2
7254 3453036 01 6
7254 3453044 01 6
7254 3454005 01 2
7254 3454005 01 3
7254 3454011 01 2
7104 3401015 01 2
7104 3401015 01 3
7104 3401015 01 6
7104 3401110 01 6
7104 3402016 01 2
7104 3402016 01 3
7104 3402016 01 6
7104 3402017 01 2
7104 3404001 01 2
7104 3404001 01 6
7104 3404004 01 2
7104 3404004 01 3
3416 3415010 01 6
3416 3415060 01 2
3416 3415060 01 3
3416 3415130 01 6
3416 3416000 01 6
3416 3417000 01 6
3416 3417002 01 3
3416 3415010 01 6
3416 3415060 01 2
3416 3415060 01 3
3416 3415130 01 6
3416 3416000 01 6
3416 3417000 01 6
3416 3417002 01 3
3416 3415010 01 6
3416 3415060 01 2
3416 3415060 01 3
3416 3415130 01 6
3416 3416000 01 6
3416 3417000 01 6
3416 3417002 01 3
3416 3415010 01 6
3416 3415060 01 2
3416 3415060 01 3
3416 3415130 01 6
3416 3416000 01 6
3416 3417000 01 6
3416 3417002 01 3
3416 3415010 01 6
3416 3415060 01 2
3416 3415060 01 3
3416 3415130 01 6
3416 3416000 01 6
3416 3417000 01 6
3416 3417002 01 3
4306 4305017 01 2
4306 4305017 01 6
4306 4305034 01 2
4306 4305034 01 3
4306 4305038 01 6
4306 4305100 01 3
3356 3356018 01 2
3354 3352001 01 3
3354 3352001 02 3
3354 3352001 02 6
3354 3352002 01 6
3354 3352008 01 6
1106 1105983 01 2
1106 1105983 01 3
1406 1405107 01 2
1406 1405107 01 3
1406 1405107 01 6
1406 1406121 01 2
1406 1406131 01 2
1406 1406131 01 6
5106 5105101 01 2
5106 5105201 01 2
5106 5105242 01 6
5106 5105995 01 2
5106 5105101 01 2
5106 5105201 01 2
5106 5105242 01 6
5106 5105995 01 2
1406 1405107 01 2
1406 1405107 01 3
1406 1405107 01 6
1406 1406121 01 2
1406 1406131 01 2
1406 1406131 01 6
5264 5261104 01 6
5264 5261104 02 6
5264 5261104 07 6
5264 5263106 01 2
5264 5263603 01 6
5266 5265042 01 2
5266 5265042 01 6
5266 5268210 01 2
5266 5268210 01 3
