1104 1101888 01 2
1104 1101888 01 2
1104 1101543 01 3
1104 1102022 01 6
1104 1102029 01 3
1104 1102124 01 2
1104 1102124 01 3
1104 1102145 01 2
1104 1102514 01 2
1104 1102514 01 3
1104 1102613 01 3
1104 1104152 01 2
1014 1011115 01 3
1014 1012012 01 6
1254 1252608 01 2
1254 1252701 01 2
1254 1252941 01 2
1254 1252941 01 3
1254 1253926 01 2
 1902111 01 2
 1902111 01 2
 1902111 01 2
 1902111 01 2
 1902111 01 2
 1902111 01 2
 1902111 01 2
 1902111 01 2
 1902111 01 2
 1902111 01 2
 1101083 01 2
 1101083 01 6
 1011115 01 2
 1011115 01 6
 1101083 01 6
 1101083 01 6
 1101083 01 6
 1011115 01 2
 1011115 01 6
 1101083 01 6
 1900902 01 2
 1900902 01 2
 1900902 01 2
 1900902 01 2
 1900902 01 2
 1011115 01 2
 1011115 01 6
 1011115 01 2
 1011115 01 6
 1900902 01 2
 1901205 01 2
 1900902 01 2
 1901205 01 2
 1900902 01 2
 1901205 01 2
 1900902 01 2
 1901205 01 2
 1101083 01 6
 1011115 01 2
 1011115 01 6
 1900902 01 2
 1901205 01 2
 1101083 01 6
 1101934 01 6
 1101083 01 6
 1101934 01 6
 1101951 01 3
 1101083 01 6
 1101934 01 6
 1101951 01 3
 1011115 01 2
 1011115 01 3
 1011115 01 6
 1305002 01 2
 1305002 01 3
 1305002 01 6
 5355001 01 2
 5355001 01 6
 1900902 01 2
 1901205 01 2
 5355001 01 2
 5355001 01 6
 1900902 01 2
 1901205 01 2
 1900902 01 2
 1901205 01 2
 7102111 02 6
 7102111 05 6
 7102211 01 6
 7102211 02 6
 7102211 04 6
 7102211 05 6
 7102111 02 6
 7102111 05 6
 7102211 01 6
 7102211 02 6
 7102211 04 6
 7102211 05 6
 7102111 02 6
 7102111 05 6
 7102211 01 6
 7102211 02 6
 7102211 04 6
 7102211 05 6
 7102111 02 6
 7102111 05 6
 7102211 01 6
 7102211 02 6
 7102211 04 6
 7102211 05 6
 7102111 02 6
 7102111 05 6
 7102211 01 6
 7102211 02 6
 7102211 04 6
 7102211 05 6
 7102111 02 6
 7102111 05 6
 7102211 01 6
 7102211 02 6
 7102211 04 6
 7102211 05 6
 7102111 02 6
 7102111 05 6
 7102211 01 6
 7102211 02 6
 7102211 04 6
 7102211 05 6
 7102111 02 6
 7102111 05 6
 7102211 01 6
 7102211 02 6
 7102211 04 6
 7102211 05 6
 7102111 02 6
 7102111 05 6
 7102211 01 6
 7102211 02 6
 7102211 04 6
 7102211 05 6
 7102111 02 6
 7102111 05 6
 7102211 01 6
 7102211 02 6
 7102211 04 6
 7102211 05 6
 7102111 02 6
 7102111 05 6
 7102211 01 6
 7102211 02 6
 7102211 04 6
 7102211 05 6
 7102111 02 6
 7102111 05 6
 7102211 01 6
 7102211 02 6
 7102211 04 6
 7102211 05 6
 7102111 02 6
 7102111 05 6
 7102211 01 6
 7102211 02 6
 7102211 04 6
 7102211 05 6
 7102111 01 6
 7102111 02 6
 7102111 05 6
 7102211 01 6
 7102211 02 6
 7102211 04 6
 7102211 05 6
 7102111 01 6
 7102111 02 6
 7102111 05 6
 7102211 01 6
 7102211 02 6
 7102211 04 6
 7102211 05 6
 1012402 01 2
 1012402 01 2
 1012402 01 2
 1101951 01 6
 7102111 05 6
 7102111 05 6
 7102111 05 6
 7102111 05 6
 7102111 05 6
 7102111 05 6
 4153018 01 6
 4153209 01 6
 4153307 01 6
 4154102 01 2
 1901931 01 2
 1903963 01 2
 1901931 01 2
 1903963 01 2
 1901931 01 2
 1903963 01 2
 1901931 01 2
 1903963 01 2
 1901931 01 2
 1903963 01 2
 1901931 01 2
 1903963 01 2
 1901931 01 2
 1903963 01 2
 1901931 01 2
 1903963 01 2
 1901931 01 2
 1903963 01 2
 1901931 01 2
 1903963 01 2
 1901931 01 2
 1903963 01 2
 1901931 01 2
 1903963 01 2
 1901931 01 2
 1903963 01 2
 1901931 01 2
 1903963 01 2
 1901931 01 2
 1903963 01 2
 1901931 01 2
 1903963 01 2
 1901931 01 2
 1903963 01 2
 1901931 01 2
 1903963 01 2
 1901931 01 2
 1903963 01 2
 1901931 01 2
 1903963 01 2
 1901931 01 2
 1903963 01 2
 1901931 01 2
 1903963 01 2
 1901931 01 2
 1903963 01 2
 1901931 01 2
 1903963 01 2
 1901931 01 2
 1903963 01 2
 1901931 01 2
 1903963 01 2
 1901931 01 2
 1903963 01 2
 1901931 01 2
 1903963 01 2
 1901931 01 2
 1903963 01 2
