1104 1101821 01 0
1104 1102515 01 0
1104 1101311 01 2
1104 1101311 01 3
1104 1101311 01 6
1104 1101411 01 2
1104 1101411 01 6
1104 1102153 01 2
1104 1102653 01 2
1104 1102653 01 3
1106 1106073 01 0
1106 1105983 01 2
1106 1105983 01 3
1154 1154182 01 0
1154 1154198 01 0
1154 1152063 01 2
1154 1152063 03 2
1154 1154091 01 1
1156 1155179 01 0
1156 1155181 01 2
1156 1155183 01 6
1156 1155184 01 1
1156 1157011 01 2
1366 1365002 01 2
1204 1202231 01 2
1204 1202231 01 3
1206 1205319 01 2
1206 1209231 01 2
1254 1252928 01 0
1254 1253606 01 0
1254 1253903 01 0
1254 1251903 01 2
1254 1251903 01 3
1254 1251904 01 1
1254 1251951 01 2
1254 1252100 01 6
1254 1252107 01 2
1254 1252200 01 2
1254 1252310 01 2
1254 1252611 01 2
1254 1252707 01 1
1254 1252922 01 1
1254 1252927 01 2
1254 1252927 01 3
1254 1253510 01 2
1254 1253609 01 2
1254 1253703 01 2
1254 1253703 01 3
1256 1256413 01 0
1256 1257226 01 0
1256 1255110 01 2
1256 1255401 01 3
1256 1257408 01 1
1256 1257531 01 3
1306 1306556 01 2
1406 1405130 01 0
1406 1405131 01 0
1406 1405211 01 0
1406 1405107 01 2
1406 1405107 01 3
1406 1405107 01 6
1406 1405107 02 1
1406 1405144 01 1
1406 1405146 01 1
1406 1406121 01 2
1406 1406125 01 1
1406 1406131 01 2
1406 1406131 01 6
1406 1406135 01 1
1406 1406151 01 1
1406 1406153 01 1
2104 2101001 02 0
2104 2104601 01 0
2104 2101001 03 3
2104 2101001 03 6
2104 2101001 05 6
2104 2101002 01 6
2104 2101003 02 6
2104 2101003 03 6
2104 2101004 01 6
2104 2101013 01 6
2104 2102701 01 6
2104 2104201 01 6
2104 2104701 01 6
2106 2106201 01 1
2406 2405004 01 0
2406 2406301 01 2
2406 2406301 01 3
2316 2315776 01 0
2316 2315723 01 6
2316 2315730 01 6
2354 2353004 01 0
2354 2353023 01 1
2354 2353025 01 1
2204 2201001 07 6
2204 2201001 08 6
2204 2201001 09 6
2204 2203090 01 6
2206 2205300 01 2
2206 2205300 01 3
2206 2207902 01 3
2604 2601101 03 6
2604 2601107 03 6
2604 2601107 04 6
2604 2602217 01 6
2604 2603801 01 6
2604 2604801 01 6
2604 2604901 01 6
2606 2605216 01 0
2606 2605200 01 1
2606 2605550 01 1
2606 2605552 01 1
2606 2605901 01 6
2606 2605902 01 6
2606 2605903 01 6
2606 2605904 01 6
2504 2502101 01 0
2504 2501002 01 2
2504 2502004 01 2
2504 2502011 01 2
2504 2503109 01 1
2456 2455109 01 0
2456 2455808 01 0
2456 2455011 01 6
2456 2455809 01 1
2556 2555006 01 6
3104 3103042 01 2
3104 3103042 01 3
3104 3104026 01 2
3106 3105180 01 0
3106 3105193 01 3
3106 3105210 01 1
3106 3105224 01 2
3106 3105229 01 1
3106 3105509 01 2
3106 3105509 01 3
3106 3105511 01 2
3154 3151503 01 1
3154 3151510 01 2
3154 3151510 01 3
3154 3151510 01 6
3154 3153003 01 6
3154 3153126 01 1
3156 3157702 01 0
3156 3155017 01 2
3156 3155105 01 1
3156 3155910 01 1
3156 3156203 01 1
3156 3156705 01 2
3156 3158000 01 2
3156 3158000 01 3
3156 3158521 01 1
3156 3158902 01 1
3156 3158903 01 1
3156 3158904 01 1
3156 3158905 01 1
3156 3159153 01 1
3156 3159900 01 1
3156 3159901 01 1
3656 3655402 01 0
3656 3655409 01 0
3656 3656102 01 0
3656 3657400 01 0
3656 3657400 02 0
3656 3657402 01 0
3656 3657407 01 0
3656 3658100 01 0
3656 3655100 01 1
3656 3655410 01 1
3656 3655411 01 1
3656 3655412 01 1
3656 3656101 01 1
3204 3201009 01 2
3204 3203040 01 2
3206 3205039 01 2
3206 3205039 01 3
3206 3206075 01 6
3304 3304630 01 0
3304 3302000 01 3
3304 3303000 01 2
3304 3304311 01 2
3306 3305430 01 1
3306 3305521 01 1
3306 3308001 01 1
3306 3308011 01 1
3354 3352017 01 0
3354 3352001 01 3
3354 3352001 02 3
3354 3352001 02 6
3354 3352002 01 6
3354 3352008 01 6
3356 3356018 01 2
3416 3417003 01 0
3416 3415010 01 6
3416 3415060 01 2
3416 3415060 01 3
3416 3415130 01 6
3416 3416000 01 6
3416 3417000 01 6
3416 3417002 01 3
3416 3417005 01 1
4104 4100003 02 6
4104 4100003 03 2
4104 4101006 01 1
4104 4102090 01 6
4104 4103066 01 2
4104 4103066 01 3
4104 4103068 02 6
4104 4104801 01 6
4106 4105306 01 1
4106 4105475 01 2
4106 4105475 01 3
4106 4105755 01 1
4106 4106001 01 6
4106 4106003 01 6
4106 4106005 01 6
4154 4151004 01 2
4154 4151004 01 3
4154 4151004 01 6
4154 4152201 02 6
4154 4153009 01 1
4154 4153213 01 1
4154 4153253 01 2
4154 4153913 01 3
4156 4155101 01 0
4156 4155512 01 0
4156 4155515 01 0
4156 4155102 01 2
4156 4155102 01 3
4156 4155105 01 2
4156 4155105 01 6
4156 4155106 01 2
4156 4155106 01 3
4156 4155133 01 3
4156 4155310 01 1
4156 4155503 01 2
4156 4155503 01 6
4156 4155533 01 1
4156 4156001 01 6
4156 4156502 01 1
4156 4156516 01 1
4204 4204012 01 2
4204 4204012 01 3
4206 4205509 01 6
4206 4205557 01 1
4254 4252912 01 1
4254 4253800 01 2
4254 4254402 01 6
4254 4254402 02 6
4254 4254410 01 6
4256 4255011 01 2
4256 4255802 01 5
4256 4255802 01 6
4304 4302005 01 6
4304 4303024 01 3
4306 4305131 01 0
4306 4305017 01 2
4306 4305017 01 6
4306 4305034 01 2
4306 4305034 01 3
4306 4305038 01 6
4306 4305100 01 3
4306 4305156 01 1
4416 4415041 01 0
4416 4415049 01 0
4416 4415005 01 1
4416 4415056 01 2
4416 4415056 01 6
5104 5101001 01 3
5104 5103160 01 2
5104 5103160 01 3
5106 5105101 01 2
5106 5105201 01 2
5106 5105242 01 6
5106 5105312 01 1
5106 5105822 01 1
5106 5105995 01 2
5154 5152100 01 2
5154 5152100 01 3
5154 5152100 02 3
5154 5152100 03 6
5154 5153340 02 3
5154 5154400 01 3
5156 5156246 01 3
5204 5204068 01 0
5204 5204071 01 0
5204 5204075 01 0
5204 5201001 01 6
5204 5204035 01 3
5206 5205161 01 0
5206 5205162 01 0
5206 5205005 01 6
5206 5205006 01 2
5206 5205057 01 2
5206 5205061 01 6
5206 5206002 01 6
5206 5206015 01 6
5456 5455058 01 0
5456 5455001 01 2
5456 5455006 01 2
5456 5455006 01 3
5456 5455055 01 2
5264 5262205 01 0
5264 5263102 01 0
5264 5261104 01 6
5264 5261104 02 6
5264 5261104 07 6
5264 5263106 01 2
5264 5263504 01 1
5264 5263603 01 6
5264 5263607 01 1
5264 5264007 01 1
5264 5264009 01 1
5264 5264011 01 1
5264 5264013 01 1
5264 5264015 01 1
5264 5264017 01 1
5266 5265042 01 2
5266 5265042 01 6
5266 5268210 01 2
5266 5268210 01 3
5304 5302105 01 6
5304 5302116 01 2
5304 5302207 01 6
5304 5302209 01 6
5306 5305209 01 2
5306 5305236 01 2
5306 5305240 01 2
5306 5307107 01 2
5306 5307109 01 2
5306 5307137 01 1
5556 5555026 01 2
5556 5555045 01 2
5556 5555053 01 2
6104 6102025 01 2
6104 6102041 01 2
6104 6102041 01 6
6104 6102092 01 6
6104 6102093 01 2
6104 6102093 01 6
6104 6102094 03 6
6104 6104001 01 6
6104 6104002 01 2
6104 6104002 01 3
6204 6201041 01 6
6204 6202017 01 2
6204 6203041 01 6
6056 6055207 01 0
6056 6055371 01 0
6056 6055320 01 2
6056 6055343 01 6
6056 6055385 01 2
6056 6055403 01 6
6056 6055802 01 2
6056 6058111 01 1
6304 6301002 01 3
6304 6302009 01 2
6304 6302009 01 3
6304 6302013 01 2
6304 6302013 01 3
6304 6302025 01 3
6304 6302058 01 2
6304 6302058 01 3
6304 6303001 01 2
6304 6303001 01 3
6304 6303001 01 6
6304 6303009 01 3
6304 6303021 01 6
6304 6303028 01 6
6304 6304006 01 2
6304 6304006 01 3
6304 6304009 01 2
6306 6306509 01 2
7104 3401019 01 0
7104 3403023 01 0
7104 3404007 01 0
7104 3401015 01 2
7104 3401015 01 3
7104 3401015 01 6
7104 3401110 01 6
7104 3402016 01 2
7104 3402016 01 3
7104 3402016 01 6
7104 3402017 01 2
7104 3404001 01 2
7104 3404001 01 6
7104 3404004 01 2
7104 3404004 01 3
7106 3405077 01 0
7106 3407502 01 0
7106 3405061 01 3
7106 3405113 01 3
7106 3405703 01 3
7106 3407014 01 3
7106 3407402 01 1
7506 3925006 01 0
7506 3925504 01 0
7506 3925505 01 0
7506 3925603 01 0
7506 3925007 01 1
7506 3925404 01 1
7506 3925604 01 1
7156 3505231 01 0
7156 3507119 01 0
7156 3505103 01 2
7156 3505163 01 2
7156 3505213 01 2
7156 3505233 01 1
7156 3507021 01 1
7156 3507056 01 1
7156 3507093 01 1
7156 3507107 01 2
7156 3507120 01 6
7254 3453007 01 2
7254 3453007 01 3
7254 3453010 01 6
7254 3453036 01 2
7254 3453036 01 6
7254 3453044 01 6
7254 3454005 01 2
7254 3454005 01 3
7254 3454011 01 2
7256 3456018 01 2
7306 3546015 01 0
7306 3545880 02 1
7306 3545895 01 3
7306 3546035 01 2
7306 3546115 01 3
7306 3546225 01 2
7306 3546225 01 3
7406 3915002 01 2
7406 3915011 01 1
7406 3917008 01 2
7406 3917029 01 6
7406 3917031 01 1
7406 3917032 01 1
I001 7102001 12 0
I001 7303011 01 0
I001 7402030 01 0
I001 7406023 01 0
I001 7505001 01 0
I001 7505007 01 0
I001 7101096 01 1
I001 7101098 02 2
I001 7102001 09 2
I001 7102001 09 3
I001 7102001 11 2
I001 7102001 11 6
I001 7102002 07 2
I001 7102002 07 6
I001 7203001 01 6
I001 7301016 01 1
I001 7303010 01 2
I001 7402008 01 1
I001 7403001 02 3
I001 7403002 02 3
I001 7403007 01 6
I001 7404001 01 3
I001 7404001 02 3
I001 7406004 01 6
I001 7406018 01 3
I001 7406025 01 3
I001 7407015 01 1
I001 7503018 01 6
I001 7507004 01 6
I001 7507009 01 6
F000 9021001 13 6
F000 9021001 16 6
F000 9021001 20 6
F000 9021001 21 6
F000 9021001 23 6
F000 9021001 27 6
F000 9021001 29 6
F000 9021001 31 6
F000 9021001 32 6
F000 9022213 01 6
F000 9022215 01 6
V000 9031063 01 2
V000 9031063 01 3
V000 9031063 01 6
V000 9031063 02 6
V000 9031063 03 6
V000 9031063 04 6
V000 9031063 05 6
Z121 1901301 02 0
Z121 1901205 01 1
Z121 1901205 02 1
Z121 1901301 01 3
Z121 1901301 01 6
Z121 1902105 01 1
Z121 1902105 02 1
Z121 1902205 02 1
Z121 1902401 01 1
Z121 1903307 01 1
1104 1101821 01 0
1104 1102515 01 0
1104 1101311 01 2
1104 1101311 01 3
1104 1101311 01 6
1104 1101411 01 2
1104 1101411 01 6
1104 1102153 01 2
1104 1102653 01 2
1104 1102653 01 3
1106 1106073 01 0
1106 1105983 01 2
1106 1105983 01 3
1154 1154182 01 0
1154 1154198 01 0
1154 1152063 01 2
1154 1152063 03 2
1154 1154091 01 1
1156 1155179 01 0
1156 1155181 01 2
1156 1155183 01 6
1156 1155184 01 1
1156 1157011 01 2
1366 1365002 01 2
1204 1202231 01 2
1204 1202231 01 3
1206 1205319 01 2
1206 1209231 01 2
1254 1252928 01 0
1254 1253606 01 0
1254 1253903 01 0
1254 1251903 01 2
1254 1251903 01 3
1254 1251904 01 1
1254 1251951 01 2
1254 1252100 01 6
1254 1252107 01 2
1254 1252200 01 2
1254 1252310 01 2
1254 1252611 01 2
1254 1252707 01 1
1254 1252922 01 1
1254 1252927 01 2
1254 1252927 01 3
1254 1253510 01 2
1254 1253609 01 2
1254 1253703 01 2
1254 1253703 01 3
1256 1256413 01 0
1256 1257226 01 0
1256 1255110 01 2
1256 1255401 01 3
1256 1257408 01 1
1256 1257531 01 3
1306 1306556 01 2
1406 1405130 01 0
1406 1405131 01 0
1406 1405211 01 0
1406 1405107 01 2
1406 1405107 01 3
1406 1405107 01 6
1406 1405107 02 1
1406 1405144 01 1
1406 1405146 01 1
1406 1406121 01 2
1406 1406125 01 1
1406 1406131 01 2
1406 1406131 01 6
1406 1406135 01 1
1406 1406151 01 1
1406 1406153 01 1
2104 2101001 02 0
2104 2104601 01 0
2104 2101001 03 3
2104 2101001 03 6
2104 2101001 05 6
2104 2101002 01 6
2104 2101003 02 6
2104 2101003 03 6
2104 2101004 01 6
2104 2101013 01 6
2104 2102701 01 6
2104 2104201 01 6
2104 2104701 01 6
2106 2106201 01 1
2406 2405004 01 0
2406 2406301 01 2
2406 2406301 01 3
2316 2315776 01 0
2316 2315723 01 6
2316 2315730 01 6
2354 2353004 01 0
2354 2353023 01 1
2354 2353025 01 1
2204 2201001 07 6
2204 2201001 08 6
2204 2201001 09 6
2204 2203090 01 6
2206 2205300 01 2
2206 2205300 01 3
2206 2207902 01 3
2604 2601101 03 6
2604 2601107 03 6
2604 2601107 04 6
2604 2602217 01 6
2604 2603801 01 6
2604 2604801 01 6
2604 2604901 01 6
2606 2605216 01 0
2606 2605200 01 1
2606 2605550 01 1
2606 2605552 01 1
2606 2605901 01 6
2606 2605902 01 6
2606 2605903 01 6
2606 2605904 01 6
2504 2502101 01 0
2504 2501002 01 2
2504 2502004 01 2
2504 2502011 01 2
2504 2503109 01 1
2456 2455109 01 0
2456 2455808 01 0
2456 2455011 01 6
2456 2455809 01 1
2556 2555006 01 6
3104 3103042 01 2
3104 3103042 01 3
3104 3103052 01 6
3104 3104026 01 2
3106 3105180 01 0
3106 3105193 01 3
3106 3105210 01 1
3106 3105224 01 2
3106 3105229 01 1
3106 3105509 01 2
3106 3105509 01 3
3106 3105511 01 2
3154 3151503 01 1
3154 3151510 01 2
3154 3151510 01 3
3154 3151510 01 6
3154 3153003 01 6
3154 3153126 01 1
3156 3157702 01 0
3156 3155017 01 2
3156 3155105 01 1
3156 3155910 01 1
3156 3156203 01 1
3156 3156705 01 2
3156 3158000 01 2
3156 3158000 01 3
3156 3158521 01 1
3156 3158902 01 1
3156 3158903 01 1
3156 3158904 01 1
3156 3158905 01 1
3156 3159153 01 1
3156 3159900 01 1
3156 3159901 01 1
3656 3655402 01 0
3656 3655409 01 0
3656 3656102 01 0
3656 3657400 01 0
3656 3657400 02 0
3656 3657402 01 0
3656 3657407 01 0
3656 3658100 01 0
3656 3655100 01 1
3656 3655410 01 1
3656 3655411 01 1
3656 3655412 01 1
3656 3656101 01 1
3204 3201009 01 2
3204 3203040 01 2
3206 3205039 01 2
3206 3205039 01 3
3206 3206075 01 6
3304 3304630 01 0
3304 3302000 01 3
3304 3303000 01 2
3304 3304311 01 2
3306 3305430 01 1
3306 3305521 01 1
3306 3308001 01 1
3306 3308011 01 1
3354 3352017 01 0
3354 3352001 01 3
3354 3352001 02 3
3354 3352001 02 6
3354 3352002 01 6
3354 3352008 01 6
3356 3356018 01 2
3416 3417003 01 0
3416 3415010 01 6
3416 3415060 01 2
3416 3415060 01 3
3416 3415130 01 6
3416 3416000 01 6
3416 3417000 01 6
3416 3417002 01 3
3416 3417005 01 1
4104 4100003 02 6
4104 4100003 03 2
4104 4101006 01 1
4104 4102090 01 6
4104 4103066 01 2
4104 4103066 01 3
4104 4103068 02 6
4104 4104801 01 6
4106 4105306 01 1
4106 4105475 01 2
4106 4105475 01 3
4106 4105755 01 1
4106 4106001 01 6
4106 4106003 01 6
4106 4106005 01 6
4154 4151004 01 2
4154 4151004 01 3
4154 4151004 01 6
4154 4151009 01 3
4154 4152201 02 6
4154 4153009 01 1
4154 4153213 01 1
4154 4153253 01 2
4154 4153913 01 3
4156 4155101 01 0
4156 4155512 01 0
4156 4155515 01 0
4156 4155102 01 2
4156 4155102 01 3
4156 4155105 01 2
4156 4155105 01 6
4156 4155106 01 2
4156 4155106 01 3
4156 4155133 01 3
4156 4155310 01 1
4156 4155503 01 2
4156 4155503 01 6
4156 4155533 01 1
4156 4156001 01 6
4156 4156502 01 1
4156 4156516 01 1
4204 4204012 01 2
4204 4204012 01 3
4206 4205509 01 6
4206 4205557 01 1
4254 4252912 01 1
4254 4253800 01 2
4254 4254402 01 6
4254 4254402 02 6
4254 4254410 01 6
4256 4255011 01 2
4256 4255802 01 5
4256 4255802 01 6
4304 4302005 01 6
4304 4303024 01 3
4306 4305131 01 0
4306 4305017 01 2
4306 4305017 01 6
4306 4305034 01 2
4306 4305034 01 3
4306 4305038 01 6
4306 4305100 01 3
4306 4305156 01 1
4416 4415041 01 0
4416 4415049 01 0
4416 4415005 01 1
4416 4415056 01 2
4416 4415056 01 6
5104 5101001 01 3
5104 5103160 01 2
5104 5103160 01 3
5106 5105101 01 2
5106 5105201 01 2
5106 5105242 01 6
5106 5105312 01 1
5106 5105822 01 1
5106 5105995 01 2
5154 5152100 01 2
5154 5152100 01 3
5154 5152100 02 3
5154 5152100 03 6
5154 5153340 02 3
5154 5154400 01 3
5156 5156246 01 3
5204 5204068 01 0
5204 5204071 01 0
5204 5204075 01 0
5204 5201001 01 6
5204 5204035 01 3
5206 5205161 01 0
5206 5205162 01 0
5206 5205005 01 6
5206 5205006 01 2
5206 5205057 01 2
5206 5205061 01 6
5206 5206002 01 6
5206 5206015 01 6
5456 5455058 01 0
5456 5455001 01 2
5456 5455006 01 2
5456 5455006 01 3
5456 5455055 01 2
5264 5262205 01 0
5264 5263102 01 0
5264 5261104 01 6
5264 5261104 02 6
5264 5261104 07 6
5264 5263106 01 2
5264 5263504 01 1
5264 5263603 01 6
5264 5263607 01 1
5264 5264007 01 1
5264 5264009 01 1
5264 5264011 01 1
5264 5264013 01 1
5264 5264015 01 1
5264 5264017 01 1
5266 5265042 01 2
5266 5265042 01 6
5266 5268210 01 2
5266 5268210 01 3
5304 5302105 01 6
5304 5302116 01 2
5304 5302207 01 6
5304 5302209 01 6
5306 5305209 01 2
5306 5305236 01 2
5306 5305240 01 2
5306 5307107 01 2
5306 5307109 01 2
5306 5307137 01 1
5556 5555026 01 2
5556 5555045 01 2
5556 5555053 01 2
6104 6102025 01 2
6104 6102041 01 2
6104 6102041 01 6
6104 6102092 01 6
6104 6102093 01 2
6104 6102093 01 6
6104 6102094 03 6
6104 6104001 01 6
6104 6104002 01 2
6104 6104002 01 3
6204 6201041 01 6
6204 6202017 01 2
6204 6203041 01 6
6056 6055207 01 0
6056 6055371 01 0
6056 6055320 01 2
6056 6055343 01 6
6056 6055385 01 2
6056 6055403 01 6
6056 6055802 01 2
6056 6058111 01 1
6304 6301002 01 3
6304 6302009 01 2
6304 6302009 01 3
6304 6302013 01 2
6304 6302013 01 3
6304 6302025 01 3
6304 6302058 01 2
6304 6302058 01 3
6304 6303001 01 2
6304 6303001 01 3
6304 6303001 01 6
6304 6303009 01 3
6304 6303021 01 6
6304 6303028 01 6
6304 6304006 01 2
6304 6304006 01 3
6304 6304009 01 2
6306 6306509 01 2
7104 3401019 01 0
7104 3403023 01 0
7104 3404007 01 0
7104 3401015 01 2
7104 3401015 01 3
7104 3401015 01 6
7104 3401110 01 6
7104 3402016 01 2
7104 3402016 01 3
7104 3402016 01 6
7104 3402017 01 2
7104 3404001 01 2
7104 3404001 01 6
7104 3404004 01 2
7104 3404004 01 3
7106 3405077 01 0
7106 3407502 01 0
7106 3405061 01 3
7106 3405113 01 3
7106 3405703 01 3
7106 3407014 01 3
7106 3407402 01 1
7506 3925006 01 0
7506 3925504 01 0
7506 3925505 01 0
7506 3925603 01 0
7506 3925007 01 1
7506 3925404 01 1
7506 3925604 01 1
7156 3505231 01 0
7156 3507119 01 0
7156 3505103 01 2
7156 3505163 01 2
7156 3505213 01 2
7156 3505233 01 1
7156 3507021 01 1
7156 3507056 01 1
7156 3507093 01 1
7156 3507107 01 2
7156 3507120 01 6
7254 3453007 01 2
7254 3453007 01 3
7254 3453010 01 6
7254 3453036 01 2
7254 3453036 01 6
7254 3453044 01 6
7254 3454005 01 2
7254 3454005 01 3
7254 3454011 01 2
7256 3456018 01 2
7306 3546015 01 0
7306 3545880 02 1
7306 3545895 01 3
7306 3546035 01 2
7306 3546115 01 3
7306 3546225 01 2
7306 3546225 01 3
7406 3915002 01 2
7406 3915011 01 1
7406 3917008 01 2
7406 3917029 01 6
7406 3917031 01 1
7406 3917032 01 1
I001 7102001 12 0
I001 7303011 01 0
I001 7402030 01 0
I001 7406023 01 0
I001 7505001 01 0
I001 7505007 01 0
I001 7101096 01 1
I001 7101098 02 2
I001 7102001 09 2
I001 7102001 09 3
I001 7102001 11 2
I001 7102001 11 6
I001 7102002 07 2
I001 7102002 07 6
I001 7203001 01 6
I001 7301016 01 1
I001 7303010 01 2
I001 7402008 01 1
I001 7403001 02 3
I001 7403002 02 3
I001 7403007 01 6
I001 7404001 01 3
I001 7404001 02 3
I001 7406004 01 6
I001 7406018 01 3
I001 7406025 01 3
I001 7407015 01 1
I001 7503018 01 6
I001 7507004 01 6
I001 7507009 01 6
F000 9021001 13 6
F000 9021001 16 6
F000 9021001 20 6
F000 9021001 21 6
F000 9021001 23 6
F000 9021001 27 6
F000 9021001 29 6
F000 9021001 31 6
F000 9021001 32 6
F000 9022213 01 6
F000 9022215 01 6
V000 9031063 01 2
V000 9031063 01 3
V000 9031063 01 6
V000 9031063 02 6
V000 9031063 03 6
V000 9031063 04 6
V000 9031063 05 6
Z121 1901301 02 0
Z121 1901205 01 1
Z121 1901205 02 1
Z121 1901301 01 3
Z121 1901301 01 6
Z121 1902105 01 1
Z121 1902105 02 1
Z121 1902205 02 1
Z121 1902401 01 1
Z121 1903307 01 1
1104 1101821 01 0
1104 1102515 01 0
1104 1101311 01 2
1104 1101311 01 3
1104 1101311 01 6
1104 1101411 01 2
1104 1101411 01 6
1104 1102153 01 2
1104 1102653 01 2
1104 1102653 01 3
1106 1106073 01 0
1106 1105983 01 2
1106 1105983 01 3
1154 1154182 01 0
1154 1154198 01 0
1154 1152063 01 2
1154 1152063 03 2
1154 1154091 01 1
1156 1155179 01 0
1156 1155181 01 2
1156 1155183 01 6
1156 1155184 01 1
1156 1157011 01 2
1366 1365002 01 2
1204 1202231 01 2
1204 1202231 01 3
1206 1205319 01 2
1206 1209231 01 2
1254 1252928 01 0
1254 1253606 01 0
1254 1253903 01 0
1254 1251903 01 2
1254 1251903 01 3
1254 1251904 01 1
1254 1251951 01 2
1254 1252100 01 6
1254 1252107 01 2
1254 1252200 01 2
1254 1252310 01 2
1254 1252611 01 2
1254 1252707 01 1
1254 1252922 01 1
1254 1252927 01 2
1254 1252927 01 3
1254 1253510 01 2
1254 1253609 01 2
1254 1253703 01 2
1254 1253703 01 3
1256 1256413 01 0
1256 1257226 01 0
1256 1255110 01 2
1256 1255401 01 3
1256 1257408 01 1
1256 1257531 01 3
1306 1306556 01 2
1406 1405130 01 0
1406 1405131 01 0
1406 1405211 01 0
1406 1405107 01 2
1406 1405107 01 3
1406 1405107 01 6
1406 1405107 02 1
1406 1405144 01 1
1406 1405146 01 1
1406 1406121 01 2
1406 1406125 01 1
1406 1406131 01 2
1406 1406131 01 6
1406 1406135 01 1
1406 1406151 01 1
1406 1406153 01 1
2104 2101001 02 0
2104 2104601 01 0
2104 2101001 03 3
2104 2101001 03 6
2104 2101001 05 6
2104 2101002 01 6
2104 2101003 02 6
2104 2101003 03 6
2104 2101004 01 6
2104 2101013 01 6
2104 2102701 01 6
2104 2104201 01 6
2104 2104701 01 6
2106 2106201 01 1
2406 2405004 01 0
2406 2406301 01 2
2406 2406301 01 3
2316 2315776 01 0
2316 2315723 01 6
2316 2315730 01 6
2354 2353004 01 0
2354 2353023 01 1
2354 2353025 01 1
2204 2201001 07 6
2204 2201001 08 6
2204 2201001 09 6
2204 2203090 01 6
2206 2205300 01 2
2206 2205300 01 3
2206 2207902 01 3
2604 2601101 03 6
2604 2601107 03 6
2604 2601107 04 6
2604 2602217 01 6
2604 2603801 01 6
2604 2604801 01 6
2604 2604901 01 6
2606 2605216 01 0
2606 2605200 01 1
2606 2605550 01 1
2606 2605552 01 1
2606 2605901 01 6
2606 2605902 01 6
2606 2605903 01 6
2606 2605904 01 6
2504 2502101 01 0
2504 2501002 01 2
2504 2502004 01 2
2504 2502011 01 2
2504 2503109 01 1
2456 2455109 01 0
2456 2455808 01 0
2456 2455011 01 6
2456 2455809 01 1
2556 2555006 01 6
3104 3103042 01 2
3104 3103042 01 3
3104 3103052 01 6
3104 3104026 01 2
3106 3105180 01 0
3106 3105193 01 3
3106 3105210 01 1
3106 3105224 01 2
3106 3105229 01 1
3106 3105509 01 2
3106 3105509 01 3
3106 3105511 01 2
3154 3151503 01 1
3154 3151510 01 2
3154 3151510 01 3
3154 3151510 01 6
3154 3153003 01 6
3154 3153126 01 1
3156 3157702 01 0
3156 3155017 01 2
3156 3155105 01 1
3156 3155910 01 1
3156 3156203 01 1
3156 3156705 01 2
3156 3158000 01 2
3156 3158000 01 3
3156 3158521 01 1
3156 3158902 01 1
3156 3158903 01 1
3156 3158904 01 1
3156 3158905 01 1
3156 3159153 01 1
3156 3159900 01 1
3156 3159901 01 1
3656 3655402 01 0
3656 3655409 01 0
3656 3656102 01 0
3656 3657400 01 0
3656 3657400 02 0
3656 3657402 01 0
3656 3657407 01 0
3656 3658100 01 0
3656 3655100 01 1
3656 3655410 01 1
3656 3655411 01 1
3656 3655412 01 1
3656 3656101 01 1
3204 3201009 01 2
3204 3203040 01 2
3206 3205039 01 2
3206 3205039 01 3
3206 3206075 01 6
3304 3304630 01 0
3304 3302000 01 3
3304 3303000 01 2
3304 3304311 01 2
3306 3305430 01 1
3306 3305521 01 1
3306 3308001 01 1
3306 3308011 01 1
3354 3352017 01 0
3354 3352001 01 3
3354 3352001 02 3
3354 3352001 02 6
3354 3352002 01 6
3354 3352008 01 6
3356 3356018 01 2
3416 3417003 01 0
3416 3415010 01 6
3416 3415060 01 2
3416 3415060 01 3
3416 3415130 01 6
3416 3416000 01 6
3416 3417000 01 6
3416 3417002 01 3
3416 3417005 01 1
4104 4100003 02 6
4104 4100003 03 2
4104 4101006 01 1
4104 4102090 01 6
4104 4103066 01 2
4104 4103066 01 3
4104 4103068 02 6
4104 4104801 01 6
4106 4105306 01 1
4106 4105475 01 2
4106 4105475 01 3
4106 4105755 01 1
4106 4106001 01 6
4106 4106003 01 6
4106 4106005 01 6
4154 4151004 01 2
4154 4151004 01 3
4154 4151004 01 6
4154 4151009 01 3
4154 4152201 02 6
4154 4153009 01 1
4154 4153213 01 1
4154 4153253 01 2
4154 4153913 01 3
4156 4155101 01 0
4156 4155512 01 0
4156 4155515 01 0
4156 4155102 01 2
4156 4155102 01 3
4156 4155105 01 2
4156 4155105 01 6
4156 4155106 01 2
4156 4155106 01 3
4156 4155133 01 3
4156 4155310 01 1
4156 4155503 01 2
4156 4155503 01 6
4156 4155533 01 1
4156 4156001 01 6
4156 4156502 01 1
4156 4156516 01 1
4204 4204012 01 2
4204 4204012 01 3
4206 4205509 01 6
4206 4205557 01 1
4254 4252912 01 1
4254 4253800 01 2
4254 4254402 01 6
4254 4254402 02 6
4254 4254410 01 6
4256 4255011 01 2
4256 4255802 01 5
4256 4255802 01 6
4304 4302005 01 6
4304 4303024 01 3
4306 4305131 01 0
4306 4305017 01 2
4306 4305017 01 6
4306 4305034 01 2
4306 4305034 01 3
4306 4305038 01 6
4306 4305100 01 3
4306 4305156 01 1
4416 4415041 01 0
4416 4415049 01 0
4416 4415005 01 1
4416 4415056 01 2
4416 4415056 01 6
5104 5101001 01 3
5104 5103160 01 2
5104 5103160 01 3
5106 5105101 01 2
5106 5105201 01 2
5106 5105242 01 6
5106 5105312 01 1
5106 5105822 01 1
5106 5105995 01 2
5154 5152100 01 2
5154 5152100 01 3
5154 5152100 02 3
5154 5152100 03 6
5154 5153340 02 3
5154 5154400 01 3
5156 5156246 01 3
5204 5204068 01 0
5204 5204071 01 0
5204 5204075 01 0
5204 5201001 01 6
5204 5204035 01 3
5206 5205161 01 0
5206 5205162 01 0
5206 5205005 01 6
5206 5205006 01 2
5206 5205057 01 2
5206 5205061 01 6
5206 5206002 01 6
5206 5206015 01 6
5456 5455058 01 0
5456 5455001 01 2
5456 5455006 01 2
5456 5455006 01 3
5456 5455055 01 2
5264 5262205 01 0
5264 5263102 01 0
5264 5261104 01 6
5264 5261104 02 6
5264 5261104 07 6
5264 5263106 01 2
5264 5263504 01 1
5264 5263603 01 6
5264 5263607 01 1
5264 5264007 01 1
5264 5264009 01 1
5264 5264011 01 1
5264 5264013 01 1
5264 5264015 01 1
5264 5264017 01 1
5266 5265042 01 2
5266 5265042 01 6
5266 5268210 01 2
5266 5268210 01 3
5304 5302105 01 6
5304 5302116 01 2
5304 5302207 01 6
5304 5302209 01 6
5306 5305209 01 2
5306 5305236 01 2
5306 5305240 01 2
5306 5307107 01 2
5306 5307109 01 2
5306 5307137 01 1
5556 5555026 01 2
5556 5555045 01 2
5556 5555053 01 2
6104 6102025 01 2
6104 6102041 01 2
6104 6102041 01 6
6104 6102092 01 6
6104 6102093 01 2
6104 6102093 01 6
6104 6102094 03 6
6104 6104001 01 6
6104 6104002 01 2
6104 6104002 01 3
6204 6201041 01 6
6204 6202017 01 2
6204 6203041 01 6
6056 6055207 01 0
6056 6055371 01 0
6056 6055320 01 2
6056 6055343 01 6
6056 6055385 01 2
6056 6055403 01 6
6056 6055802 01 2
6056 6058111 01 1
6304 6301002 01 3
6304 6302009 01 2
6304 6302009 01 3
6304 6302013 01 2
6304 6302013 01 3
6304 6302025 01 3
6304 6302058 01 2
6304 6302058 01 3
6304 6303001 01 2
6304 6303001 01 3
6304 6303001 01 6
6304 6303009 01 3
6304 6303021 01 6
6304 6303028 01 6
6304 6304006 01 2
6304 6304006 01 3
6304 6304009 01 2
6306 6306509 01 2
7104 3401019 01 0
7104 3403023 01 0
7104 3404007 01 0
7104 3401015 01 2
7104 3401015 01 3
7104 3401015 01 6
7104 3401110 01 6
7104 3402016 01 2
7104 3402016 01 3
7104 3402016 01 6
7104 3402017 01 2
7104 3404001 01 2
7104 3404001 01 6
7104 3404004 01 2
7104 3404004 01 3
7106 3405077 01 0
7106 3407502 01 0
7106 3405061 01 3
7106 3405113 01 3
7106 3405703 01 3
7106 3407014 01 3
7106 3407402 01 1
7506 3925006 01 0
7506 3925504 01 0
7506 3925505 01 0
7506 3925603 01 0
7506 3925007 01 1
7506 3925404 01 1
7506 3925604 01 1
7156 3505231 01 0
7156 3507119 01 0
7156 3505103 01 2
7156 3505163 01 2
7156 3505213 01 2
7156 3505233 01 1
7156 3507021 01 1
7156 3507056 01 1
7156 3507093 01 1
7156 3507107 01 2
7156 3507120 01 6
7254 3453007 01 2
7254 3453007 01 3
7254 3453010 01 6
7254 3453036 01 2
7254 3453036 01 6
7254 3453044 01 6
7254 3454005 01 2
7254 3454005 01 3
7254 3454011 01 2
7256 3456018 01 2
7306 3546015 01 0
7306 3545880 02 1
7306 3545895 01 3
7306 3546035 01 2
7306 3546115 01 3
7306 3546225 01 2
7306 3546225 01 3
7406 3915002 01 2
7406 3915011 01 1
7406 3917008 01 2
7406 3917029 01 6
7406 3917031 01 1
7406 3917032 01 1
I001 7102001 12 0
I001 7303011 01 0
I001 7402030 01 0
I001 7406023 01 0
I001 7505001 01 0
I001 7505007 01 0
I001 7101096 01 1
I001 7101098 02 2
I001 7102001 09 2
I001 7102001 09 3
I001 7102001 11 2
I001 7102001 11 6
I001 7102002 07 2
I001 7102002 07 6
I001 7203001 01 6
I001 7301016 01 1
I001 7303010 01 2
I001 7402008 01 1
I001 7403001 02 3
I001 7403002 02 3
I001 7403007 01 6
I001 7404001 01 3
I001 7404001 02 3
I001 7406004 01 6
I001 7406018 01 3
I001 7406025 01 3
I001 7407015 01 1
I001 7503018 01 6
I001 7507004 01 6
I001 7507009 01 6
F000 9021001 13 6
F000 9021001 16 6
F000 9021001 20 6
F000 9021001 21 6
F000 9021001 23 6
F000 9021001 27 6
F000 9021001 29 6
F000 9021001 31 6
F000 9021001 32 6
F000 9022213 01 6
F000 9022215 01 6
V000 9031063 01 2
V000 9031063 01 3
V000 9031063 01 6
V000 9031063 02 6
V000 9031063 03 6
V000 9031063 04 6
V000 9031063 05 6
Z121 1901301 02 0
Z121 1901205 01 1
Z121 1901205 02 1
Z121 1901301 01 3
Z121 1901301 01 6
Z121 1902105 01 1
Z121 1902105 02 1
Z121 1902205 02 1
Z121 1902401 01 1
Z121 1903307 01 1
1104 1101023 01 0
1104 1101821 01 0
1104 1102515 01 0
1104 1101311 01 2
1104 1101311 01 3
1104 1101311 01 6
1104 1101411 01 2
1104 1101411 01 6
1104 1102021 01 1
1104 1102153 01 2
1104 1102653 01 2
1104 1102653 01 3
1106 1106073 01 0
1106 1105983 01 2
1106 1105983 01 3
1154 1154182 01 0
1154 1154198 01 0
1154 1152063 01 2
1154 1152063 03 2
1154 1154091 01 1
1156 1155179 01 0
1156 1155181 01 2
1156 1155183 01 6
1156 1155184 01 1
1156 1157011 01 2
1366 1365002 01 2
1204 1202231 01 2
1204 1202231 01 3
1206 1205319 01 2
1206 1209231 01 2
1254 1252928 01 0
1254 1253606 01 0
1254 1253903 01 0
1254 1251903 01 2
1254 1251903 01 3
1254 1251904 01 1
1254 1251951 01 2
1254 1252100 01 6
1254 1252107 01 2
1254 1252200 01 2
1254 1252310 01 2
1254 1252611 01 2
1254 1252707 01 1
1254 1252922 01 1
1254 1252927 01 2
1254 1252927 01 3
1254 1253510 01 2
1254 1253609 01 2
1254 1253703 01 2
1254 1253703 01 3
1256 1256413 01 0
1256 1257226 01 0
1256 1255110 01 2
1256 1255401 01 3
1256 1257408 01 1
1256 1257531 01 3
1306 1306556 01 2
1406 1405130 01 0
1406 1405131 01 0
1406 1405211 01 0
1406 1405107 01 2
1406 1405107 01 3
1406 1405107 01 6
1406 1405107 02 1
1406 1405144 01 1
1406 1405146 01 1
1406 1406121 01 2
1406 1406125 01 1
1406 1406131 01 2
1406 1406131 01 6
1406 1406135 01 1
1406 1406151 01 1
1406 1406153 01 1
2104 2101001 02 0
2104 2104601 01 0
2104 2101001 03 3
2104 2101001 03 6
2104 2101001 05 6
2104 2101002 01 6
2104 2101003 02 6
2104 2101003 03 6
2104 2101004 01 6
2104 2101013 01 6
2104 2102701 01 6
2104 2104201 01 6
2104 2104701 01 6
2106 2106201 01 1
2406 2405004 01 0
2406 2406301 01 2
2406 2406301 01 3
2316 2315776 01 0
2316 2315723 01 6
2316 2315730 01 6
2354 2353004 01 0
2354 2353023 01 1
2354 2353025 01 1
2204 2201001 02 6
2204 2201001 05 6
2204 2201001 07 6
2204 2201001 09 6
2204 2201011 05 6
2204 2202004 01 6
2204 2203090 01 6
2206 2205042 01 0
2206 2205120 01 1
2206 2205300 01 2
2206 2205300 01 3
2206 2206271 01 6
2206 2207902 01 3
2604 2601101 03 6
2604 2601107 03 6
2604 2601107 04 6
2604 2602201 01 3
2604 2602217 01 6
2604 2603801 01 6
2604 2604801 01 6
2604 2604901 01 6
2606 2605216 01 0
2606 2605200 01 1
2606 2605550 01 1
2606 2605552 01 1
2606 2605901 01 6
2606 2605902 01 6
2606 2605903 01 6
2606 2605904 01 6
2504 2502101 01 0
2504 2501002 01 2
2504 2502004 01 2
2504 2502011 01 2
2504 2503109 01 1
2456 2455109 01 0
2456 2455808 01 0
2456 2455011 01 6
2456 2455809 01 1
2556 2555006 01 6
3104 3103042 01 2
3104 3103042 01 3
3104 3103052 01 6
3104 3104026 01 2
3106 3105180 01 0
3106 3105193 01 3
3106 3105210 01 1
3106 3105224 01 2
3106 3105229 01 1
3106 3105509 01 2
3106 3105509 01 3
3106 3105511 01 2
3154 3151503 01 1
3154 3151510 01 2
3154 3151510 01 3
3154 3151510 01 6
3154 3153003 01 6
3154 3153126 01 1
3156 3157702 01 0
3156 3155017 01 2
3156 3155105 01 1
3156 3155910 01 1
3156 3156203 01 1
3156 3156705 01 2
3156 3158000 01 2
3156 3158000 01 3
3156 3158521 01 1
3156 3158902 01 1
3156 3158903 01 1
3156 3158904 01 1
3156 3158905 01 1
3156 3159153 01 1
3156 3159900 01 1
3156 3159901 01 1
3656 3655402 01 0
3656 3655409 01 0
3656 3656102 01 0
3656 3657400 01 0
3656 3657400 02 0
3656 3657402 01 0
3656 3657407 01 0
3656 3658100 01 0
3656 3655100 01 1
3656 3655410 01 1
3656 3655411 01 1
3656 3655412 01 1
3656 3656101 01 1
3204 3201009 01 2
3204 3203040 01 2
3206 3205039 01 2
3206 3205039 01 3
3206 3206075 01 6
3304 3304630 01 0
3304 3302000 01 3
3304 3303000 01 2
3304 3304311 01 2
3306 3305430 01 1
3306 3305521 01 1
3306 3306491 01 2
3306 3308001 01 1
3306 3308011 01 1
3354 3352017 01 0
3354 3352001 01 3
3354 3352001 02 3
3354 3352001 02 6
3354 3352002 01 6
3354 3352008 01 6
3356 3356018 01 2
3416 3417003 01 0
3416 3415010 01 6
3416 3415060 01 2
3416 3415060 01 3
3416 3415130 01 6
3416 3416000 01 6
3416 3417000 01 6
3416 3417002 01 3
3416 3417005 01 1
4104 4100003 02 6
4104 4100003 03 2
4104 4101006 01 1
4104 4102090 01 6
4104 4103066 01 2
4104 4103066 01 3
4104 4103068 02 6
4104 4104801 01 6
4106 4105306 01 1
4106 4105475 01 2
4106 4105475 01 3
4106 4105755 01 1
4106 4106001 01 6
4106 4106003 01 6
4106 4106005 01 6
4154 4151004 01 2
4154 4151004 01 3
4154 4151004 01 6
4154 4151009 01 3
4154 4152201 02 6
4154 4153009 01 1
4154 4153203 01 2
4154 4153203 01 3
4154 4153213 01 1
4154 4153253 01 2
4154 4153913 01 3
4156 4155101 01 0
4156 4155512 01 0
4156 4155515 01 0
4156 4155102 01 2
4156 4155102 01 3
4156 4155105 01 2
4156 4155105 01 6
4156 4155106 01 2
4156 4155106 01 3
4156 4155133 01 3
4156 4155310 01 1
4156 4155503 01 2
4156 4155503 01 6
4156 4155529 01 2
4156 4155529 01 3
4156 4155533 01 1
4156 4156001 01 6
4156 4156502 01 1
4156 4156516 01 1
4204 4204012 01 2
4204 4204012 01 3
4206 4205509 01 6
4206 4205557 01 1
4254 4252912 01 1
4254 4253800 01 2
4254 4254402 01 6
4254 4254402 02 6
4254 4254410 01 6
4256 4255011 01 2
4256 4255802 01 5
4256 4255802 01 6
4304 4302005 01 6
4304 4303024 01 3
4306 4305131 01 0
4306 4305017 01 2
4306 4305017 01 6
4306 4305034 01 2
4306 4305034 01 3
4306 4305038 01 6
4306 4305100 01 3
4306 4305156 01 1
4416 4415041 01 0
4416 4415049 01 0
4416 4415005 01 1
4416 4415056 01 2
4416 4415056 01 6
5104 5101001 01 3
5104 5103160 01 2
5104 5103160 01 3
5104 5104600 01 2
5106 5105101 01 2
5106 5105201 01 2
5106 5105242 01 6
5106 5105312 01 1
5106 5105822 01 1
5106 5105995 01 2
5154 5152100 01 2
5154 5152100 01 3
5154 5152100 02 3
5154 5152100 03 6
5154 5153340 02 3
5154 5154400 01 3
5156 5156246 01 3
5204 5204068 01 0
5204 5204071 01 0
5204 5204075 01 0
5204 5201001 01 6
5204 5204035 01 3
5206 5205161 01 0
5206 5205162 01 0
5206 5205005 01 6
5206 5205006 01 2
5206 5205057 01 2
5206 5205061 01 6
5206 5206002 01 6
5206 5206015 01 6
5456 5455058 01 0
5456 5455001 01 2
5456 5455006 01 2
5456 5455006 01 3
5456 5455055 01 2
5264 5262205 01 0
5264 5263603 01 0
5264 5261104 01 2
5264 5261104 01 6
5264 5261104 02 6
5264 5261104 07 6
5264 5263102 01 2
5264 5263102 01 6
5264 5263106 01 2
5264 5263504 01 1
5264 5263607 01 1
5264 5264007 01 1
5264 5264009 01 1
5264 5264011 01 1
5264 5264013 01 1
5264 5264015 01 1
5264 5264017 01 1
5266 5265042 01 2
5266 5265042 01 6
5266 5268210 01 2
5266 5268210 01 3
5304 5302105 01 6
5304 5302116 01 2
5304 5302207 01 6
5304 5302209 01 6
5306 5305209 01 2
5306 5305236 01 2
5306 5305240 01 2
5306 5307107 01 2
5306 5307109 01 2
5306 5307137 01 1
5556 5555026 01 2
5556 5555045 01 2
5556 5555053 01 2
6104 6102025 01 2
6104 6102041 01 2
6104 6102041 01 6
6104 6102092 01 6
6104 6102093 01 2
6104 6102093 01 6
6104 6102094 03 6
6104 6104001 01 6
6104 6104002 01 2
6104 6104002 01 3
6204 6202017 01 2
6056 6055207 01 0
6056 6055371 01 0
6056 6055134 01 2
6056 6055320 01 2
6056 6055343 01 6
6056 6055385 01 2
6056 6055403 01 6
6056 6055802 01 2
6056 6058111 01 1
6304 6301002 01 3
6304 6302009 01 2
6304 6302009 01 3
6304 6302013 01 2
6304 6302013 01 3
6304 6302025 01 3
6304 6302058 01 2
6304 6302058 01 3
6304 6303001 01 2
6304 6303001 01 3
6304 6303001 01 6
6304 6303009 01 3
6304 6303021 01 6
6304 6303028 01 6
6304 6304006 01 2
6304 6304006 01 3
6304 6304009 01 2
6306 6306509 01 2
7104 3401019 01 0
7104 3403023 01 0
7104 3404007 01 0
7104 3401015 01 2
7104 3401015 01 3
7104 3401015 01 6
7104 3401110 01 6
7104 3402016 01 2
7104 3402016 01 3
7104 3402016 01 6
7104 3402017 01 2
7104 3404001 01 2
7104 3404001 01 3
7104 3404001 01 6
7106 3405077 01 0
7106 3407502 01 0
7106 3405061 01 3
7106 3405113 01 3
7106 3405703 01 3
7106 3407014 01 3
7106 3407402 01 1
7506 3925006 01 0
7506 3925504 01 0
7506 3925505 01 0
7506 3925603 01 0
7506 3925007 01 1
7506 3925404 01 1
7506 3925604 01 1
7156 3505231 01 0
7156 3507119 01 0
7156 3505103 01 2
7156 3505163 01 2
7156 3505213 01 2
7156 3505233 01 1
7156 3507021 01 1
7156 3507056 01 1
7156 3507093 01 1
7156 3507107 01 2
7156 3507120 01 6
7254 3453007 01 2
7254 3453007 01 3
7254 3453010 01 6
7254 3453036 01 2
7254 3453036 01 6
7254 3453044 01 6
7254 3454005 01 2
7254 3454005 01 3
7254 3454011 01 2
7256 3456018 01 2
7306 3546015 01 0
7306 3545880 02 1
7306 3545895 01 3
7306 3546035 01 2
7306 3546115 01 3
7306 3546225 01 2
7306 3546225 01 3
7406 3915002 01 2
7406 3915011 01 1
7406 3917008 01 2
7406 3917029 01 6
7406 3917031 01 1
7406 3917032 01 1
I001 7102001 12 0
I001 7303011 01 0
I001 7402030 01 0
I001 7406023 01 0
I001 7505001 01 0
I001 7505007 01 0
I001 7101096 01 1
I001 7101098 02 2
I001 7102001 09 2
I001 7102001 09 3
I001 7102001 11 2
I001 7102001 11 6
I001 7102002 07 2
I001 7102002 07 6
I001 7203001 01 6
I001 7301016 01 1
I001 7303010 01 2
I001 7402008 01 1
I001 7403001 02 3
I001 7403002 02 3
I001 7403007 01 6
I001 7404001 01 3
I001 7404001 02 3
I001 7406004 01 6
I001 7406018 01 3
I001 7406025 01 2
I001 7406025 01 3
I001 7407015 01 1
I001 7503018 01 6
I001 7507004 01 6
I001 7507009 01 6
F000 9021001 01 6
F000 9021001 09 6
F000 9021001 13 6
F000 9021001 16 6
F000 9021001 20 6
F000 9021001 21 6
F000 9021001 23 6
F000 9021001 27 6
F000 9021001 29 6
F000 9021001 31 6
F000 9021001 32 6
F000 9022213 01 6
F000 9022215 01 6
V000 9031063 01 2
V000 9031063 01 3
V000 9031063 01 6
V000 9031063 02 6
V000 9031063 03 6
V000 9031063 04 6
V000 9031063 05 6
Z121 1901301 02 0
Z121 1901205 01 1
Z121 1901205 02 1
Z121 1901301 01 3
Z121 1901301 01 6
Z121 1902105 01 1
Z121 1902105 02 1
Z121 1902205 02 1
Z121 1902401 01 1
Z121 1903307 01 1
1104 1101023 01 0
1104 1101821 01 0
1104 1102515 01 0
1104 1101311 01 2
1104 1101311 01 3
1104 1101311 01 6
1104 1101411 01 2
1104 1101411 01 6
1104 1102021 01 1
1104 1102153 01 2
1104 1102653 01 2
1104 1102653 01 3
1106 1106073 01 0
1106 1105983 01 2
1106 1105983 01 3
1154 1154182 01 0
1154 1154198 01 0
1154 1152063 01 2
1154 1152063 03 2
1154 1154091 01 1
1156 1155179 01 0
1156 1155181 01 2
1156 1155183 01 6
1156 1155184 01 1
1156 1157011 01 2
1366 1365002 01 2
1204 1202231 01 2
1204 1202231 01 3
1206 1205319 01 2
1206 1209231 01 2
1254 1252928 01 0
1254 1253606 01 0
1254 1253903 01 0
1254 1251903 01 2
1254 1251903 01 3
1254 1251904 01 1
1254 1251951 01 2
1254 1252100 01 6
1254 1252107 01 2
1254 1252200 01 2
1254 1252310 01 2
1254 1252611 01 2
1254 1252707 01 1
1254 1252922 01 1
1254 1252927 01 2
1254 1252927 01 3
1254 1253510 01 2
1254 1253609 01 2
1254 1253703 01 2
1254 1253703 01 3
1256 1256413 01 0
1256 1257226 01 0
1256 1255110 01 2
1256 1255401 01 3
1256 1257408 01 1
1256 1257531 01 3
1306 1306556 01 2
1406 1405130 01 0
1406 1405131 01 0
1406 1405211 01 0
1406 1405107 01 2
1406 1405107 01 3
1406 1405107 01 6
1406 1405107 02 1
1406 1405144 01 1
1406 1405146 01 1
1406 1406121 01 2
1406 1406125 01 1
1406 1406131 01 2
1406 1406131 01 6
1406 1406135 01 1
1406 1406151 01 1
1406 1406153 01 1
2104 2101001 02 0
2104 2104601 01 0
2104 2101001 03 3
2104 2101001 03 6
2104 2101001 05 6
2104 2101002 01 6
2104 2101003 02 6
2104 2101003 03 6
2104 2101004 01 6
2104 2101013 01 6
2104 2102701 01 6
2104 2104201 01 6
2104 2104701 01 6
2106 2106201 01 1
2406 2405004 01 0
2406 2406301 01 2
2406 2406301 01 3
2316 2315776 01 0
2316 2315723 01 6
2316 2315730 01 6
2354 2353004 01 0
2354 2353023 01 1
2354 2353025 01 1
2204 2201001 02 6
2204 2201001 05 6
2204 2201001 07 6
2204 2201001 09 6
2204 2201011 05 6
2204 2202004 01 6
2204 2203090 01 6
2206 2205042 01 0
2206 2205120 01 1
2206 2205300 01 2
2206 2205300 01 3
2206 2206271 01 6
2206 2207902 01 3
2604 2601101 03 6
2604 2601107 03 6
2604 2601107 04 6
2604 2602201 01 3
2604 2602217 01 6
2604 2603801 01 6
2604 2604801 01 6
2604 2604901 01 6
2606 2605216 01 0
2606 2605200 01 1
2606 2605550 01 1
2606 2605552 01 1
2606 2605901 01 6
2606 2605902 01 6
2606 2605903 01 6
2606 2605904 01 6
2504 2502101 01 0
2504 2501002 01 2
2504 2502004 01 2
2504 2502011 01 2
2504 2503109 01 1
2456 2455109 01 0
2456 2455808 01 0
2456 2455011 01 6
2456 2455809 01 1
2556 2555006 01 6
3104 3103042 01 2
3104 3103042 01 3
3104 3103052 01 6
3104 3104026 01 2
3106 3105180 01 0
3106 3105193 01 3
3106 3105210 01 1
3106 3105224 01 2
3106 3105229 01 1
3106 3105509 01 2
3106 3105509 01 3
3106 3105511 01 2
3154 3151503 01 1
3154 3151510 01 2
3154 3151510 01 3
3154 3151510 01 6
3154 3153003 01 6
3154 3153126 01 1
3156 3157702 01 0
3156 3155017 01 2
3156 3155105 01 1
3156 3155910 01 1
3156 3156203 01 1
3156 3156705 01 2
3156 3158000 01 2
3156 3158000 01 3
3156 3158521 01 1
3156 3158902 01 1
3156 3158903 01 1
3156 3158904 01 1
3156 3158905 01 1
3156 3159153 01 1
3156 3159900 01 1
3156 3159901 01 1
3656 3655402 01 0
3656 3655409 01 0
3656 3656102 01 0
3656 3657400 01 0
3656 3657400 02 0
3656 3657402 01 0
3656 3657407 01 0
3656 3658100 01 0
3656 3655100 01 1
3656 3655410 01 1
3656 3655411 01 1
3656 3655412 01 1
3656 3656101 01 1
3204 3201009 01 2
3204 3203040 01 2
3206 3205039 01 2
3206 3205039 01 3
3206 3206075 01 6
3304 3304630 01 0
3304 3302000 01 3
3304 3303000 01 2
3304 3304311 01 2
3306 3305430 01 1
3306 3305521 01 1
3306 3306491 01 2
3306 3308001 01 1
3306 3308011 01 1
3354 3352017 01 0
3354 3352001 01 3
3354 3352001 02 3
3354 3352001 02 6
3354 3352002 01 6
3354 3352008 01 6
3356 3356018 01 2
3416 3417003 01 0
3416 3415010 01 6
3416 3415060 01 2
3416 3415060 01 3
3416 3415130 01 6
3416 3416000 01 6
3416 3417000 01 6
3416 3417002 01 3
3416 3417005 01 1
4104 4100003 02 6
4104 4100003 03 2
4104 4101006 01 1
4104 4102090 01 6
4104 4103066 01 2
4104 4103066 01 3
4104 4103068 02 6
4104 4104801 01 6
4106 4105306 01 1
4106 4105464 01 1
4106 4105475 01 2
4106 4105475 01 3
4106 4105755 01 1
4106 4106001 01 6
4106 4106003 01 6
4106 4106005 01 6
4154 4151004 01 2
4154 4151004 01 3
4154 4151004 01 6
4154 4151009 01 3
4154 4152009 01 6
4154 4152009 02 6
4154 4152012 01 6
4154 4152012 02 6
4154 4152014 01 6
4154 4152014 02 6
4154 4152201 02 6
4154 4153004 01 6
4154 4153004 02 6
4154 4153009 01 1
4154 4153203 01 2
4154 4153203 01 3
4154 4153213 01 1
4154 4153253 01 2
4154 4153913 01 3
4156 4155101 01 0
4156 4155512 01 0
4156 4155515 01 0
4156 4155102 01 2
4156 4155102 01 3
4156 4155105 01 2
4156 4155105 01 6
4156 4155106 01 2
4156 4155106 01 3
4156 4155133 01 3
4156 4155310 01 1
4156 4155503 01 2
4156 4155503 01 6
4156 4155529 01 2
4156 4155529 01 3
4156 4155533 01 1
4156 4156001 01 6
4156 4156502 01 1
4156 4156516 01 1
4204 4204012 01 2
4204 4204012 01 3
4206 4205509 01 6
4206 4205557 01 1
4254 4252912 01 1
4254 4253800 01 2
4254 4254402 01 6
4254 4254402 02 6
4254 4254410 01 6
4256 4255011 01 2
4256 4255802 01 5
4256 4255802 01 6
4304 4301004 01 6
4304 4301007 01 6
4304 4302003 01 6
4304 4302005 01 6
4304 4302009 01 6
4304 4303006 01 6
4304 4303024 01 3
4306 4305131 01 0
4306 4305017 01 2
4306 4305017 01 6
4306 4305034 01 2
4306 4305034 01 3
4306 4305038 01 6
4306 4305100 01 3
4306 4305156 01 1
4416 4415041 01 0
4416 4415049 01 0
4416 4415005 01 1
4416 4415056 01 2
4416 4415056 01 6
5104 5101001 01 3
5104 5103160 01 2
5104 5103160 01 3
5104 5104600 01 2
5106 5105101 01 2
5106 5105201 01 2
5106 5105242 01 6
5106 5105312 01 1
5106 5105822 01 1
5106 5105995 01 2
5154 5152100 01 2
5154 5152100 01 3
5154 5152100 02 3
5154 5152100 03 6
5154 5153340 02 3
5154 5154400 01 3
5156 5156246 01 3
5204 5204068 01 0
5204 5204071 01 0
5204 5204075 01 0
5204 5201001 01 6
5204 5204035 01 3
5206 5205161 01 0
5206 5205162 01 0
5206 5205005 01 6
5206 5205006 01 2
5206 5205057 01 2
5206 5205061 01 6
5206 5206002 01 6
5206 5206015 01 6
5456 5455058 01 0
5456 5455001 01 2
5456 5455006 01 2
5456 5455006 01 3
5456 5455055 01 2
5264 5262205 01 0
5264 5263603 01 0
5264 5261104 01 2
5264 5261104 01 6
5264 5261104 02 6
5264 5261104 07 6
5264 5263102 01 2
5264 5263102 01 6
5264 5263106 01 2
5264 5263504 01 1
5264 5263607 01 1
5264 5264007 01 1
5264 5264009 01 1
5264 5264011 01 1
5264 5264013 01 1
5264 5264015 01 1
5264 5264017 01 1
5266 5265042 01 2
5266 5265042 01 6
5266 5268210 01 2
5266 5268210 01 3
5266 5268514 01 1
5304 5302105 01 6
5304 5302116 01 2
5304 5302207 01 6
5304 5302209 01 6
5306 5305209 01 2
5306 5305236 01 2
5306 5305240 01 2
5306 5307107 01 2
5306 5307109 01 2
5306 5307137 01 1
5556 5555026 01 2
5556 5555045 01 2
5556 5555053 01 2
6104 6102025 01 2
6104 6102041 01 2
6104 6102041 01 6
6104 6102092 01 6
6104 6102093 01 2
6104 6102093 01 6
6104 6102094 03 6
6104 6104001 01 6
6104 6104002 01 2
6104 6104002 01 3
6204 6202017 01 2
6056 6055207 01 0
6056 6055371 01 0
6056 6055134 01 2
6056 6055320 01 2
6056 6055343 01 6
6056 6055385 01 2
6056 6055403 01 6
6056 6055802 01 2
6056 6058111 01 1
6304 6301002 01 3
6304 6302009 01 2
6304 6302009 01 3
6304 6302013 01 2
6304 6302013 01 3
6304 6302025 01 3
6304 6302058 01 2
6304 6302058 01 3
6304 6303001 01 2
6304 6303001 01 3
6304 6303001 01 6
6304 6303009 01 3
6304 6303021 01 6
6304 6303028 01 6
6304 6304006 01 2
6304 6304006 01 3
6304 6304009 01 2
6306 6306509 01 2
7104 3401019 01 0
7104 3403023 01 0
7104 3404007 01 0
7104 3401015 01 2
7104 3401015 01 3
7104 3401015 01 6
7104 3401110 01 6
7104 3402016 01 2
7104 3402016 01 3
7104 3402016 01 6
7104 3402017 01 2
7104 3404001 01 2
7104 3404001 01 3
7104 3404001 01 6
7106 3405077 01 0
7106 3407502 01 0
7106 3405061 01 3
7106 3405113 01 3
7106 3405703 01 3
7106 3407014 01 3
7106 3407402 01 1
7506 3925006 01 0
7506 3925504 01 0
7506 3925505 01 0
7506 3925603 01 0
7506 3925007 01 1
7506 3925404 01 1
7506 3925604 01 1
7156 3505231 01 0
7156 3507119 01 0
7156 3505103 01 2
7156 3505163 01 2
7156 3505213 01 2
7156 3505233 01 1
7156 3507021 01 1
7156 3507056 01 1
7156 3507093 01 1
7156 3507107 01 2
7156 3507120 01 6
7254 3453007 01 2
7254 3453007 01 3
7254 3453010 01 6
7254 3453036 01 2
7254 3453036 01 6
7254 3453044 01 6
7254 3454005 01 2
7254 3454005 01 3
7254 3454011 01 2
7256 3456018 01 2
7306 3546015 01 0
7306 3545880 02 1
7306 3545895 01 3
7306 3546035 01 2
7306 3546115 01 3
7306 3546225 01 2
7306 3546225 01 3
7406 3915002 01 2
7406 3915011 01 1
7406 3917008 01 2
7406 3917029 01 6
7406 3917031 01 1
7406 3917032 01 1
I001 7102001 12 0
I001 7303011 01 0
I001 7402030 01 0
I001 7406023 01 0
I001 7505001 01 0
I001 7505007 01 0
I001 7101096 01 1
I001 7101098 02 2
I001 7102001 09 2
I001 7102001 09 3
I001 7102001 11 2
I001 7102001 11 6
I001 7102002 07 2
I001 7102002 07 6
I001 7203001 01 6
I001 7301016 01 1
I001 7303010 01 2
I001 7402008 01 1
I001 7403001 02 3
I001 7403002 02 3
I001 7403007 01 6
I001 7404001 01 3
I001 7404001 02 3
I001 7406004 01 6
I001 7406018 01 3
I001 7406025 01 2
I001 7406025 01 3
I001 7407010 01 2
I001 7407015 01 1
I001 7503018 01 6
I001 7507004 01 6
I001 7507009 01 6
F000 9021001 01 6
F000 9021001 09 6
F000 9021001 13 6
F000 9021001 16 6
F000 9021001 20 6
F000 9021001 21 6
F000 9021001 23 6
F000 9021001 27 6
F000 9021001 29 6
F000 9021001 31 6
F000 9021001 32 6
F000 9022213 01 6
F000 9022215 01 6
V000 9031063 01 2
V000 9031063 01 3
V000 9031063 01 6
V000 9031063 02 6
V000 9031063 03 6
V000 9031063 04 6
V000 9031063 05 6
Z121 1901301 02 0
Z121 1901205 01 1
Z121 1901205 02 1
Z121 1901301 01 3
Z121 1901301 01 6
Z121 1902105 01 1
Z121 1902105 02 1
Z121 1902205 02 1
Z121 1902401 01 1
Z121 1903307 01 1
1104 1101023 01 0
1104 1101821 01 0
1104 1102515 01 0
1104 1101311 01 2
1104 1101311 01 3
1104 1101311 01 6
1104 1101411 01 2
1104 1101411 01 6
1104 1102021 01 1
1104 1102153 01 2
1104 1102653 01 2
1104 1102653 01 3
1106 1106073 01 0
1106 1105983 01 2
1106 1105983 01 3
1106 1106933 01 2
1154 1154182 01 0
1154 1154198 01 0
1154 1152063 01 2
1154 1152063 03 2
1154 1154091 01 1
1156 1155179 01 0
1156 1155181 01 2
1156 1155183 01 6
1156 1155184 01 1
1156 1157011 01 2
1366 1365002 01 2
1204 1202231 01 2
1204 1202231 01 3
1206 1205319 01 2
1206 1209231 01 2
1254 1252928 01 0
1254 1253606 01 0
1254 1253903 01 0
1254 1251903 01 2
1254 1251903 01 3
1254 1251904 01 1
1254 1251951 01 2
1254 1252100 01 6
1254 1252107 01 2
1254 1252200 01 2
1254 1252310 01 2
1254 1252611 01 2
1254 1252707 01 1
1254 1252922 01 1
1254 1252927 01 2
1254 1252927 01 3
1254 1253510 01 2
1254 1253609 01 2
1254 1253703 01 2
1254 1253703 01 3
1256 1256413 01 0
1256 1257226 01 0
1256 1255110 01 2
1256 1255401 01 3
1256 1257408 01 1
1256 1257531 01 3
1306 1306556 01 2
1406 1405130 01 0
1406 1405131 01 0
1406 1405211 01 0
1406 1405107 01 2
1406 1405107 01 3
1406 1405107 01 6
1406 1405107 02 1
1406 1405144 01 1
1406 1405146 01 1
1406 1406121 01 2
1406 1406125 01 1
1406 1406131 01 2
1406 1406131 01 6
1406 1406135 01 1
1406 1406151 01 1
1406 1406153 01 1
2104 2101001 02 0
2104 2104601 01 0
2104 2101001 03 3
2104 2101001 03 6
2104 2101001 05 6
2104 2101002 01 6
2104 2101003 02 6
2104 2101003 03 6
2104 2101004 01 6
2104 2101013 01 6
2104 2102701 01 6
2104 2104201 01 6
2104 2104701 01 6
2106 2106201 01 1
2406 2405004 01 0
2406 2406301 01 2
2406 2406301 01 3
2316 2315776 01 0
2316 2315723 01 6
2316 2315730 01 6
2354 2353004 01 0
2354 2353023 01 1
2354 2353025 01 1
2204 2201001 02 6
2204 2201001 05 6
2204 2201001 07 6
2204 2201001 09 6
2204 2201011 05 6
2204 2202004 01 6
2204 2203090 01 6
2206 2205042 01 0
2206 2205120 01 1
2206 2205300 01 2
2206 2205300 01 3
2206 2205958 01 2
2206 2206271 01 6
2206 2207902 01 3
2604 2601101 03 6
2604 2601107 03 6
2604 2601107 04 6
2604 2602201 01 3
2604 2602217 01 6
2604 2603801 01 6
2604 2604801 01 6
2604 2604901 01 6
2606 2605216 01 0
2606 2605200 01 1
2606 2605550 01 1
2606 2605552 01 1
2606 2605901 01 6
2606 2605902 01 6
2606 2605903 01 6
2606 2605904 01 6
2504 2502101 01 0
2504 2501002 01 2
2504 2502004 01 2
2504 2502011 01 2
2504 2503109 01 1
2456 2455109 01 0
2456 2455808 01 0
2456 2455011 01 6
2456 2455809 01 1
2556 2555001 01 6
2556 2555006 01 6
3104 3103042 01 2
3104 3103042 01 3
3104 3103052 01 6
3104 3104026 01 2
3106 3105180 01 0
3106 3105193 01 3
3106 3105210 01 1
3106 3105224 01 2
3106 3105229 01 1
3106 3105509 01 2
3106 3105509 01 3
3106 3105511 01 2
3154 3151503 01 1
3154 3151510 01 2
3154 3151510 01 3
3154 3151510 01 6
3154 3153003 01 6
3154 3153126 01 1
3156 3157702 01 0
3156 3155017 01 2
3156 3155105 01 1
3156 3155910 01 1
3156 3156203 01 1
3156 3156705 01 2
3156 3158000 01 2
3156 3158000 01 3
3156 3158521 01 1
3156 3158902 01 1
3156 3158903 01 1
3156 3158904 01 1
3156 3158905 01 1
3156 3159153 01 1
3156 3159900 01 1
3156 3159901 01 1
3656 3655402 01 0
3656 3655409 01 0
3656 3656102 01 0
3656 3657400 01 0
3656 3657400 02 0
3656 3657402 01 0
3656 3657407 01 0
3656 3658100 01 0
3656 3655100 01 1
3656 3655410 01 1
3656 3655411 01 1
3656 3655412 01 1
3656 3656101 01 1
3204 3201009 01 2
3204 3202021 01 3
3204 3203040 01 2
3204 3203046 01 1
3206 3205039 01 2
3206 3205039 01 3
3206 3206075 01 6
3304 3304630 01 0
3304 3302000 01 3
3304 3303000 01 2
3304 3304311 01 2
3306 3305430 01 1
3306 3305521 01 1
3306 3306491 01 2
3306 3308001 01 1
3306 3308011 01 1
3354 3352017 01 0
3354 3352001 01 3
3354 3352001 02 3
3354 3352001 02 6
3354 3352002 01 6
3354 3352008 01 6
3356 3356018 01 2
3416 3417003 01 0
3416 3415010 01 6
3416 3415060 01 2
3416 3415060 01 3
3416 3415130 01 6
3416 3416000 01 6
3416 3416025 01 6
3416 3417000 01 6
3416 3417002 01 3
3416 3417005 01 1
4104 4100003 02 6
4104 4100003 03 2
4104 4101006 01 1
4104 4102090 01 6
4104 4103066 01 2
4104 4103066 01 3
4104 4103068 02 6
4104 4104801 01 6
4106 4105113 01 1
4106 4105306 01 1
4106 4105464 01 1
4106 4105475 01 2
4106 4105475 01 3
4106 4105755 01 1
4106 4106001 01 6
4106 4106003 01 6
4106 4106005 01 6
4154 4151004 01 2
4154 4151004 01 3
4154 4151004 01 6
4154 4151009 01 3
4154 4152009 01 6
4154 4152009 02 6
4154 4152012 01 6
4154 4152012 02 6
4154 4152014 01 6
4154 4152014 02 6
4154 4152201 02 6
4154 4153001 01 3
4154 4153004 01 6
4154 4153004 02 6
4154 4153009 01 1
4154 4153203 01 2
4154 4153203 01 3
4154 4153213 01 1
4154 4153253 01 2
4154 4153913 01 3
4156 4155101 01 0
4156 4155512 01 0
4156 4155515 01 0
4156 4155102 01 2
4156 4155102 01 3
4156 4155105 01 2
4156 4155105 01 6
4156 4155106 01 2
4156 4155106 01 3
4156 4155133 01 3
4156 4155310 01 1
4156 4155503 01 2
4156 4155503 01 6
4156 4155529 01 2
4156 4155529 01 3
4156 4155533 01 1
4156 4156001 01 6
4156 4156502 01 1
4156 4156516 01 1
4204 4204012 01 2
4204 4204012 01 3
4206 4205509 01 6
4206 4205557 01 1
4254 4252912 01 1
4254 4253800 01 2
4254 4254402 01 6
4254 4254402 02 6
4254 4254410 01 6
4256 4255011 01 2
4256 4255802 01 5
4256 4255802 01 6
4304 4301004 01 6
4304 4301007 01 6
4304 4302003 01 6
4304 4302005 01 6
4304 4302009 01 6
4304 4303003 01 3
4304 4303006 01 6
4304 4303024 01 3
4306 4305131 01 0
4306 4305017 01 2
4306 4305017 01 6
4306 4305034 01 2
4306 4305034 01 3
4306 4305038 01 6
4306 4305100 01 3
4306 4305156 01 1
4416 4415041 01 0
4416 4415049 01 0
4416 4415005 01 1
4416 4415038 01 2
4416 4415056 01 2
4416 4415056 01 6
5104 5101001 01 3
5104 5103160 01 2
5104 5103160 01 3
5104 5103311 02 3
5104 5104600 01 2
5106 5105101 01 2
5106 5105163 01 2
5106 5105201 01 2
5106 5105242 01 6
5106 5105312 01 1
5106 5105380 01 2
5106 5105822 01 1
5106 5105995 01 2
5154 5152100 01 2
5154 5152100 01 3
5154 5152100 02 3
5154 5152100 03 6
5154 5153340 02 3
5154 5154400 01 3
5156 5156246 01 3
5204 5204068 01 0
5204 5204071 01 0
5204 5204075 01 0
5204 5201001 01 6
5204 5204035 01 3
5206 5205161 01 0
5206 5205162 01 0
5206 5205005 01 6
5206 5205006 01 2
5206 5205057 01 2
5206 5205061 01 6
5206 5206002 01 6
5206 5206015 01 6
5456 5455058 01 0
5456 5455001 01 2
5456 5455006 01 2
5456 5455006 01 3
5456 5455055 01 2
5264 5262205 01 0
5264 5263603 01 0
5264 5261104 01 2
5264 5261104 01 6
5264 5261104 02 6
5264 5261104 07 6
5264 5263102 01 2
5264 5263102 01 6
5264 5263106 01 2
5264 5263504 01 1
5264 5263607 01 1
5264 5264007 01 1
5264 5264009 01 1
5264 5264011 01 1
5264 5264013 01 1
5264 5264015 01 1
5264 5264017 01 1
5266 5265042 01 2
5266 5265042 01 6
5266 5268210 01 2
5266 5268210 01 3
5266 5268514 01 1
5304 5302105 01 6
5304 5302116 01 2
5304 5302207 01 6
5304 5302209 01 6
5306 5305209 01 2
5306 5305236 01 2
5306 5305240 01 2
5306 5307107 01 2
5306 5307109 01 2
5306 5307137 01 1
5556 5555026 01 2
5556 5555045 01 2
5556 5555053 01 2
6104 6102025 01 2
6104 6102041 01 2
6104 6102041 01 6
6104 6102092 01 6
6104 6102093 01 2
6104 6102093 01 6
6104 6102094 03 6
6104 6104001 01 6
6104 6104002 01 2
6104 6104002 01 3
6204 6202017 01 2
6056 6055207 01 0
6056 6055371 01 0
6056 6055134 01 2
6056 6055320 01 2
6056 6055343 01 6
6056 6055385 01 2
6056 6055403 01 6
6056 6055802 01 2
6056 6058111 01 1
6304 6301002 01 3
6304 6302009 01 2
6304 6302009 01 3
6304 6302013 01 2
6304 6302013 01 3
6304 6302025 01 3
6304 6302058 01 2
6304 6302058 01 3
6304 6303001 01 2
6304 6303001 01 3
6304 6303001 01 6
6304 6303009 01 3
6304 6303021 01 6
6304 6303028 01 6
6304 6304006 01 2
6304 6304006 01 3
6304 6304009 01 2
6306 6306509 01 2
7104 3401019 01 0
7104 3403023 01 0
7104 3404007 01 0
7104 3401015 01 2
7104 3401015 01 3
7104 3401015 01 6
7104 3401110 01 6
7104 3402016 01 2
7104 3402016 01 3
7104 3402016 01 6
7104 3402017 01 2
7104 3404001 01 2
7104 3404001 01 3
7104 3404001 01 6
7106 3405077 01 0
7106 3407502 01 0
7106 3405061 01 3
7106 3405113 01 3
7106 3405703 01 3
7106 3407014 01 3
7106 3407402 01 1
7506 3925006 01 0
7506 3925504 01 0
7506 3925505 01 0
7506 3925603 01 0
7506 3925007 01 1
7506 3925404 01 1
7506 3925604 01 1
7156 3505231 01 0
7156 3507119 01 0
7156 3505103 01 2
7156 3505163 01 2
7156 3505213 01 2
7156 3505233 01 1
7156 3507021 01 1
7156 3507056 01 1
7156 3507093 01 1
7156 3507107 01 2
7156 3507120 01 6
7254 3453007 01 2
7254 3453007 01 3
7254 3453010 01 6
7254 3453036 01 2
7254 3453036 01 6
7254 3453044 01 6
7254 3454005 01 2
7254 3454005 01 3
7254 3454006 01 2
7254 3454011 01 2
7256 3456018 01 2
7306 3546015 01 0
7306 3545880 02 1
7306 3545895 01 3
7306 3546035 01 2
7306 3546115 01 3
7306 3546225 01 2
7306 3546225 01 3
7406 3915002 01 2
7406 3915011 01 1
7406 3917008 01 2
7406 3917029 01 6
7406 3917031 01 1
7406 3917032 01 1
I001 7102001 12 0
I001 7303011 01 0
I001 7402030 01 0
I001 7406023 01 0
I001 7505001 01 0
I001 7505007 01 0
I001 7101096 01 1
I001 7101098 02 2
I001 7102001 09 2
I001 7102001 09 3
I001 7102001 11 2
I001 7102001 11 6
I001 7102002 07 2
I001 7102002 07 6
I001 7203001 01 6
I001 7301016 01 1
I001 7303010 01 2
I001 7402008 01 1
I001 7403001 02 3
I001 7403002 02 3
I001 7403007 01 6
I001 7404001 01 3
I001 7404001 02 3
I001 7406004 01 6
I001 7406018 01 3
I001 7406025 01 2
I001 7406025 01 3
I001 7407010 01 2
I001 7407015 01 1
I001 7503018 01 6
I001 7507004 01 6
I001 7507009 01 6
F000 9021001 01 6
F000 9021001 09 6
F000 9021001 13 6
F000 9021001 16 6
F000 9021001 20 6
F000 9021001 21 6
F000 9021001 23 6
F000 9021001 27 6
F000 9021001 29 6
F000 9021001 31 6
F000 9021001 32 6
F000 9022213 01 6
F000 9022215 01 6
V000 9031063 01 2
V000 9031063 01 3
V000 9031063 01 6
V000 9031063 02 6
V000 9031063 03 6
V000 9031063 04 6
V000 9031063 05 6
Z121 1901301 02 0
Z121 1901205 01 1
Z121 1901205 02 1
Z121 1901301 01 3
Z121 1901301 01 6
Z121 1902105 01 1
Z121 1902105 02 1
Z121 1902205 02 1
Z121 1902401 01 1
Z121 1903307 01 1
